#
# A fatal error has been detected by the Java Runtime Environment:
#
#  SIGSEGV (0xb) at pc=0x0000000000000000, pid=472, tid=4561682432
#
# JRE version: 7.0_04-b21
# Java VM: Java HotSpot(TM) 64-Bit Server VM (23.0-b21 mixed mode bsd-amd64 compressed oops)
# Problematic frame:
# C  0x0000000000000000
#
# Failed to write core dump. Core dumps have been disabled. To enable core dumping, try "ulimit -c unlimited" before starting Java again
#
# If you would like to submit a bug report, please visit:
#   http://bugreport.sun.com/bugreport/crash.jsp
# The crash happened outside the Java Virtual Machine in native code.
# See problematic frame for where to report the bug.
#

---------------  T H R E A D  ---------------

Current thread (0x00007f880c000800):  JavaThread "main" [_thread_in_native, id=266715136, stack(0x000000010fd5c000,0x000000010fe5c000)]

siginfo:si_signo=SIGSEGV: si_errno=0, si_code=1 (SEGV_MAPERR), si_addr=0x0000000000000000

Registers:
RAX=0x000000011d65ceb0, RBX=0x00000007a57e7d28, RCX=0x0000000000000000, RDX=0x0000000000000001
RSP=0x000000010fe5afb8, RBP=0x000000010fe5afd0, RSI=0x000000010fe5afcc, RDI=0x0000000000000001
R8 =0x00000000ffffffff, R9 =0x0000000000000000, R10=0x000000010febdf64, R11=0x000000010f6be1a3
R12=0x0000000000000000, R13=0x00000007a57e7d28, R14=0x000000010fe5b048, R15=0x00007f880c000800
RIP=0x0000000000000000, EFLAGS=0x0000000000010206, ERR=0x0000000000000014
  TRAPNO=0x000000000000000e

Top of Stack: (sp=0x000000010fe5afb8)
0x000000010fe5afb8:   000000011d65cec4 000000010fe5b028
0x000000010fe5afc8:   000000010febde29 000000010fe5b028
0x000000010fe5afd8:   000000010febdf90 00000007a57a31b8
0x000000010fe5afe8:   000000010fe5afe8 00000007a57e7d28
0x000000010fe5aff8:   000000010fe5b048 00000007a57e9a90
0x000000010fe5b008:   0000000000000000 00000007a57e7d28
0x000000010fe5b018:   0000000000000000 000000010fe5b048
0x000000010fe5b028:   000000010fe5b090 000000010feb22d4
0x000000010fe5b038:   00000007e3ce1ce0 000000010febadd6
0x000000010fe5b048:   0000000000000001 000000010fe5b050
0x000000010fe5b058:   00000007a57e7c39 000000010fe5b0a0
0x000000010fe5b068:   00000007a57e9a90 0000000000000000
0x000000010fe5b078:   00000007a57e7c58 000000010fe5b048
0x000000010fe5b088:   000000010fe5b0a8 000000010fe5b0e8
0x000000010fe5b098:   000000010feb22d4 0000000000000000
0x000000010fe5b0a8:   000000010fe5b0a8 00000007a579b3cd
0x000000010fe5b0b8:   000000010fe5b118 00000007a579b8f8
0x000000010fe5b0c8:   0000000000000000 00000007a579b458
0x000000010fe5b0d8:   000000010fe5b0a8 000000010fe5b110
0x000000010fe5b0e8:   000000010fe5b160 000000010feb2333
0x000000010fe5b0f8:   0000000000000000 0000000000000000
0x000000010fe5b108:   00000007e3cd4eb0 0000000000000000
0x000000010fe5b118:   00000007e3c9d678 000000010fe5b120
0x000000010fe5b128:   00000007a57a159c 000000010fe5b168
0x000000010fe5b138:   00000007a57a1998 0000000000000000
0x000000010fe5b148:   00000007a57a15b0 000000010fe5b110
0x000000010fe5b158:   000000010fe5b170 000000010fe5b1d0
0x000000010fe5b168:   000000010feac4f7 0000000100001fa2
0x000000010fe5b178:   0000000000000000 00007f880c000800
0x000000010fe5b188:   000000010feac46f 000000000000000a
0x000000010fe5b198:   00007f880b100970 000000010fe5b240
0x000000010fe5b1a8:   000000010fe5b2f0 000000000000000a 

Instructions: (pc=0x0000000000000000)
0xffffffffffffffe0:   

Register to memory mapping:

RAX=0x000000011d65ceb0: Java_org_lwjgl_openal_AL10_nalGenBuffers2+0 in /Users/user/Desktop/PcBackup/Temp/LWJGLGaymes/TheZordzman/lib/native/macosx/liblwjgl.jnilib at 0x000000011d65a000
RBX=0x00000007a57e7d28 is an oop
{method} 
 - klass: {other class}
RCX=0x0000000000000000 is an unknown value
RDX=0x0000000000000001 is an unknown value
RSP=0x000000010fe5afb8 is pointing into the stack for thread: 0x00007f880c000800
RBP=0x000000010fe5afd0 is pointing into the stack for thread: 0x00007f880c000800
RSI=0x000000010fe5afcc is pointing into the stack for thread: 0x00007f880c000800
RDI=0x0000000000000001 is an unknown value
R8 =0x00000000ffffffff is an unknown value
R9 =0x0000000000000000 is an unknown value
R10=0x000000010febdf64 is an Interpreter codelet
method entry point (kind = native)  [0x000000010febdd00, 0x000000010febe540]  2112 bytes
R11=0x000000010f6be1a3: throw_unsatisfied_link_error+0 in /Library/Java/JavaVirtualMachines/1.7.0.jdk/Contents/Home/jre/lib/server/libjvm.dylib at 0x000000010f2bb000
R12=0x0000000000000000 is an unknown value
R13=0x00000007a57e7d28 is an oop
{method} 
 - klass: {other class}
R14=0x000000010fe5b048 is pointing into the stack for thread: 0x00007f880c000800
R15=0x00007f880c000800 is a thread


Stack: [0x000000010fd5c000,0x000000010fe5c000],  sp=0x000000010fe5afb8,  free space=1019k
Java frames: (J=compiled Java code, j=interpreted, Vv=VM code)
j  org.lwjgl.openal.AL10.nalGenBuffers2(I)I+0
j  org.lwjgl.openal.AL10.alGenBuffers()I+1
j  zordz.util.SoundPlayer.newSound(Ljava/lang/String;I)Lzordz/util/Sound;+29
j  zordz.util.Sound.<clinit>()V+12
v  ~StubRoutines::call_stub
j  zordz.state.TitleState.tick()V+17
j  zordz.Screen.update()V+7
j  zordz.Zordz.run()V+14
j  zordz.Zordz.start()V+5
j  zordz.Zordz.main([Ljava/lang/String;)V+7
v  ~StubRoutines::call_stub

---------------  P R O C E S S  ---------------

Java Threads: ( => current thread )
  0x00007f880b801800 JavaThread "AWT-Shutdown" [_thread_blocked, id=420847616, stack(0x000000011905a000,0x000000011915a000)]
  0x00007f880b823800 JavaThread "AppKit Thread" daemon [_thread_in_native, id=180681056, stack(0x00007fff6647a000,0x00007fff66c7a000)]
  0x00007f880c82e000 JavaThread "Service Thread" daemon [_thread_blocked, id=415936512, stack(0x0000000118bab000,0x0000000118cab000)]
  0x00007f880c82d000 JavaThread "C2 CompilerThread1" daemon [_thread_in_native, id=414875648, stack(0x0000000118aa8000,0x0000000118ba8000)]
  0x00007f880c82b800 JavaThread "C2 CompilerThread0" daemon [_thread_blocked, id=413814784, stack(0x00000001189a5000,0x0000000118aa5000)]
  0x00007f880c82a800 JavaThread "Signal Dispatcher" daemon [_thread_blocked, id=412753920, stack(0x00000001188a2000,0x00000001189a2000)]
  0x00007f880c055000 JavaThread "Finalizer" daemon [_thread_blocked, id=409026560, stack(0x0000000118514000,0x0000000118614000)]
  0x00007f880c054000 JavaThread "Reference Handler" daemon [_thread_blocked, id=407965696, stack(0x0000000118411000,0x0000000118511000)]
=>0x00007f880c000800 JavaThread "main" [_thread_in_native, id=266715136, stack(0x000000010fd5c000,0x000000010fe5c000)]

Other Threads:
  0x00007f880c051800 VMThread [stack: 0x000000011830e000,0x000000011840e000] [id=406904832]
  0x00007f880c826000 WatcherThread [stack: 0x0000000118cae000,0x0000000118dae000] [id=416997376]

VM state:not at safepoint (normal execution)

VM Mutex/Monitor currently owned by a thread: None

Heap
 PSYoungGen      total 25600K, used 6417K [0x00000007e36b0000, 0x00000007e5340000, 0x0000000800000000)
  eden space 21952K, 29% used [0x00000007e36b0000,0x00000007e3cf4710,0x00000007e4c20000)
  from space 3648K, 0% used [0x00000007e4fb0000,0x00000007e4fb0000,0x00000007e5340000)
  to   space 3648K, 0% used [0x00000007e4c20000,0x00000007e4c20000,0x00000007e4fb0000)
 ParOldGen       total 58560K, used 0K [0x00000007aa400000, 0x00000007add30000, 0x00000007e36b0000)
  object space 58560K, 0% used [0x00000007aa400000,0x00000007aa400000,0x00000007add30000)
 PSPermGen       total 21248K, used 6056K [0x00000007a5200000, 0x00000007a66c0000, 0x00000007aa400000)
  object space 21248K, 28% used [0x00000007a5200000,0x00000007a57ea3b0,0x00000007a66c0000)

Code Cache  [0x000000010feac000, 0x000000011011c000, 0x0000000112eac000)
 total_blobs=387 nmethods=70 adapters=270 free_code_cache=48611Kb largest_free_block=49752448

Compilation events (10 events):
Event: 2.876 Thread 0x00007f880c82d000   65             java.nio.Bits::getShortL (16 bytes)
Event: 2.877 Thread 0x00007f880c82d000 nmethod 65 0x000000010ff31b50 code [0x000000010ff31ca0, 0x000000010ff31d98]
Event: 2.877 Thread 0x00007f880c82d000   66             java.nio.Bits::makeShort (12 bytes)
Event: 2.877 Thread 0x00007f880c82b800 nmethod 63 0x000000010ff2dd50 code [0x000000010ff2dea0, 0x000000010ff2e018]
Event: 2.877 Thread 0x00007f880c82d000 nmethod 66 0x000000010ff31890 code [0x000000010ff319c0, 0x000000010ff31a18]
Event: 2.877 Thread 0x00007f880c82b800   67             java.nio.DirectShortBufferU::put (17 bytes)
Event: 2.877 Thread 0x00007f880c82d000   68             java.nio.DirectShortBufferU::ix (10 bytes)
Event: 2.877 Thread 0x00007f880c82d000 nmethod 68 0x000000010ff2e350 code [0x000000010ff2e480, 0x000000010ff2e4f8]
Event: 2.878 Thread 0x00007f880c82b800 nmethod 67 0x000000010ff2dad0 code [0x000000010ff2dc00, 0x000000010ff2dc98]
Event: 2.878 Thread 0x00007f880c82d000    2 %           org.lwjgl.util.WaveData::convertAudioBytes @ 43 (94 bytes)

GC Heap History (0 events):
No events

Deoptimization events (0 events):
No events

Internal exceptions (10 events):
Event: 1.884 Thread 0x00007f880c000800 Threw 0x00000007e3c78fc8 at /HUDSON/workspace/jdk7u4-2-build-macosx-x86_64-product/jdk7u4/hotspot/src/share/vm/prims/jvm.cpp:1166
Event: 1.885 Thread 0x00007f880c000800 Threw 0x00000007e3c7bdc0 at /HUDSON/workspace/jdk7u4-2-build-macosx-x86_64-product/jdk7u4/hotspot/src/share/vm/prims/jvm.cpp:1166
Event: 1.885 Thread 0x00007f880c000800 Threw 0x00000007e3c7eda0 at /HUDSON/workspace/jdk7u4-2-build-macosx-x86_64-product/jdk7u4/hotspot/src/share/vm/prims/jvm.cpp:1166
Event: 1.887 Thread 0x00007f880c000800 Threw 0x00000007e3c86e60 at /HUDSON/workspace/jdk7u4-2-build-macosx-x86_64-product/jdk7u4/hotspot/src/share/vm/prims/jvm.cpp:1166
Event: 1.893 Thread 0x00007f880c000800 Threw 0x00000007e3c89bd0 at /HUDSON/workspace/jdk7u4-2-build-macosx-x86_64-product/jdk7u4/hotspot/src/share/vm/prims/jvm.cpp:1166
Event: 1.895 Thread 0x00007f880c000800 Threw 0x00000007e3c8c8a0 at /HUDSON/workspace/jdk7u4-2-build-macosx-x86_64-product/jdk7u4/hotspot/src/share/vm/prims/jvm.cpp:1166
Event: 1.896 Thread 0x00007f880c000800 Threw 0x00000007e3c92b58 at /HUDSON/workspace/jdk7u4-2-build-macosx-x86_64-product/jdk7u4/hotspot/src/share/vm/prims/jvm.cpp:1166
Event: 2.864 Thread 0x00007f880c000800 Threw 0x00000007e3c9bf38 at /HUDSON/workspace/jdk7u4-2-build-macosx-x86_64-product/jdk7u4/hotspot/src/share/vm/prims/jvm.cpp:1166
Event: 2.864 Thread 0x00007f880c000800 Threw 0x00000007e3ca0b48 at /HUDSON/workspace/jdk7u4-2-build-macosx-x86_64-product/jdk7u4/hotspot/src/share/vm/prims/jvm.cpp:1166
Event: 2.878 Thread 0x00007f880c000800 Threw 0x00000007e3cd61d0 at /HUDSON/workspace/jdk7u4-2-build-macosx-x86_64-product/jdk7u4/hotspot/src/share/vm/prims/jvm.cpp:1166

Events (10 events):
Event: 2.870 loading class 0x00007f880a42dbe0 done
Event: 2.870 loading class 0x00007f880a430d60 done
Event: 2.870 loading class 0x00007f880a42bfc0
Event: 2.870 loading class 0x00007f880a42bfc0 done
Event: 2.870 loading class 0x00007f880a63f350
Event: 2.870 loading class 0x00007f880a63f350 done
Event: 2.870 loading class 0x00007f880a61daf0
Event: 2.870 loading class 0x00007f880a61daf0 done
Event: 2.878 loading class 0x00007f880b1f3000
Event: 2.878 loading class 0x00007f880b1f3000 done


Dynamic libraries:
0x0000000107097000 	/System/Library/Frameworks/Cocoa.framework/Versions/A/Cocoa
0x000000010709d000 	/System/Library/Frameworks/Security.framework/Versions/A/Security
0x00000001074b6000 	/System/Library/Frameworks/ApplicationServices.framework/Versions/A/ApplicationServices
0x00000001074bf000 	/usr/lib/libz.1.dylib
0x00000001074dd000 	/usr/lib/libSystem.B.dylib
0x0000000107519000 	/usr/lib/libobjc.A.dylib
0x0000000107618000 	/System/Library/Frameworks/CoreFoundation.framework/Versions/A/CoreFoundation
0x000000010793f000 	/System/Library/Frameworks/AppKit.framework/Versions/C/AppKit
0x0000000108bd1000 	/System/Library/Frameworks/CoreData.framework/Versions/A/CoreData
0x0000000108eec000 	/System/Library/Frameworks/Foundation.framework/Versions/C/Foundation
0x00000001093eb000 	/System/Library/PrivateFrameworks/RemoteViewServices.framework/Versions/A/RemoteViewServices
0x0000000109434000 	/System/Library/Frameworks/AudioToolbox.framework/Versions/A/AudioToolbox
0x0000000109615000 	/System/Library/Frameworks/AudioUnit.framework/Versions/A/AudioUnit
0x0000000109621000 	/System/Library/PrivateFrameworks/DataDetectorsCore.framework/Versions/A/DataDetectorsCore
0x00000001096d0000 	/System/Library/PrivateFrameworks/DesktopServicesPriv.framework/Versions/A/DesktopServicesPriv
0x000000010984a000 	/System/Library/Frameworks/Carbon.framework/Versions/A/Frameworks/HIToolbox.framework/Versions/A/HIToolbox
0x0000000109cc1000 	/System/Library/Frameworks/QuartzCore.framework/Versions/A/QuartzCore
0x0000000109f0a000 	/System/Library/Frameworks/Carbon.framework/Versions/A/Frameworks/SpeechRecognition.framework/Versions/A/SpeechRecognition
0x0000000109f21000 	/usr/lib/libauto.dylib
0x0000000109f8e000 	/usr/lib/libicucore.A.dylib
0x000000010a21f000 	/usr/lib/libxml2.2.dylib
0x000000010a34f000 	/System/Library/PrivateFrameworks/CoreUI.framework/Versions/A/CoreUI
0x000000010a3fc000 	/System/Library/Frameworks/CoreAudio.framework/Versions/A/CoreAudio
0x000000010a491000 	/System/Library/Frameworks/DiskArbitration.framework/Versions/A/DiskArbitration
0x000000010a4a4000 	/usr/lib/liblangid.dylib
0x000000010a4ae000 	/System/Library/PrivateFrameworks/MultitouchSupport.framework/Versions/A/MultitouchSupport
0x000000010a4d4000 	/System/Library/Frameworks/IOKit.framework/Versions/A/IOKit
0x000000010a56b000 	/usr/lib/libDiagnosticMessagesClient.dylib
0x000000010a572000 	/System/Library/Frameworks/CoreServices.framework/Versions/A/CoreServices
0x000000010a576000 	/System/Library/PrivateFrameworks/PerformanceAnalysis.framework/Versions/A/PerformanceAnalysis
0x000000010a5bf000 	/System/Library/PrivateFrameworks/GenerationalStorage.framework/Versions/A/GenerationalStorage
0x000000010a5ea000 	/System/Library/Frameworks/OpenGL.framework/Versions/A/OpenGL
0x000000010a604000 	/System/Library/Frameworks/CoreServices.framework/Versions/A/Frameworks/CFNetwork.framework/Versions/A/CFNetwork
0x000000010a815000 	/System/Library/Frameworks/SystemConfiguration.framework/Versions/A/SystemConfiguration
0x000000010a88e000 	/usr/lib/libCRFSuite.dylib
0x000000010a8ab000 	/usr/lib/libc++.1.dylib
0x000000010a980000 	/usr/lib/libstdc++.6.dylib
0x000000010aa55000 	/usr/lib/libc++abi.dylib
0x000000010aa6c000 	/usr/lib/system/libcache.dylib
0x000000010aa7a000 	/usr/lib/system/libcommonCrypto.dylib
0x000000010aacb000 	/usr/lib/system/libcompiler_rt.dylib
0x000000010aadc000 	/usr/lib/system/libcopyfile.dylib
0x000000010aaea000 	/usr/lib/system/libdispatch.dylib
0x000000010ab0a000 	/usr/lib/system/libdnsinfo.dylib
0x000000010ab13000 	/usr/lib/system/libdyld.dylib
0x000000010ab20000 	/usr/lib/system/libkeymgr.dylib
0x000000010ab27000 	/usr/lib/system/liblaunch.dylib
0x000000010ab3e000 	/usr/lib/system/libmacho.dylib
0x000000010ab4a000 	/usr/lib/system/libmathCommon.A.dylib
0x000000010ab51000 	/usr/lib/system/libquarantine.dylib
0x000000010ab59000 	/usr/lib/system/libremovefile.dylib
0x000000010ab62000 	/usr/lib/system/libsystem_blocks.dylib
0x000000010ab68000 	/usr/lib/system/libsystem_c.dylib
0x000000010ac8b000 	/usr/lib/system/libsystem_dnssd.dylib
0x000000010ac9e000 	/usr/lib/system/libsystem_info.dylib
0x000000010acf3000 	/usr/lib/system/libsystem_kernel.dylib
0x000000010ad2b000 	/usr/lib/system/libsystem_network.dylib
0x000000010ad39000 	/usr/lib/system/libsystem_notify.dylib
0x000000010ad50000 	/usr/lib/system/libsystem_sandbox.dylib
0x000000010ad5b000 	/usr/lib/system/libunc.dylib
0x000000010ad65000 	/usr/lib/system/libunwind.dylib
0x000000010ad76000 	/usr/lib/system/libxpc.dylib
0x000000010ada9000 	/usr/lib/libbsm.0.dylib
0x000000010adc6000 	/usr/lib/libsqlite3.dylib
0x000000010aee2000 	/usr/lib/libOpenScriptingUtil.dylib
0x000000010aeec000 	/usr/lib/libpam.2.dylib
0x000000010aefc000 	/usr/lib/libxar-nossl.dylib
0x000000010af16000 	/usr/lib/libbz2.1.0.dylib
0x000000010af2f000 	/System/Library/Frameworks/CoreServices.framework/Versions/A/Frameworks/CarbonCore.framework/Versions/A/CarbonCore
0x000000010aac6000 	/System/Library/Frameworks/CoreServices.framework/Versions/A/Frameworks/Metadata.framework/Versions/A/Metadata
0x000000010b3a1000 	/System/Library/Frameworks/CoreServices.framework/Versions/A/Frameworks/OSServices.framework/Versions/A/OSServices
0x000000010b500000 	/System/Library/Frameworks/CoreServices.framework/Versions/A/Frameworks/SearchKit.framework/Versions/A/SearchKit
0x000000010b5df000 	/System/Library/Frameworks/CoreServices.framework/Versions/A/Frameworks/AE.framework/Versions/A/AE
0x000000010b63a000 	/System/Library/Frameworks/CoreServices.framework/Versions/A/Frameworks/LaunchServices.framework/Versions/A/LaunchServices
0x000000010b72c000 	/System/Library/Frameworks/CoreServices.framework/Versions/A/Frameworks/DictionaryServices.framework/Versions/A/DictionaryServices
0x000000010b77e000 	/System/Library/Frameworks/NetFS.framework/Versions/A/NetFS
0x000000010b78c000 	/usr/lib/system/libkxld.dylib
0x000000010b79f000 	/System/Library/PrivateFrameworks/NetAuth.framework/Versions/A/NetAuth
0x000000010b7b9000 	/usr/lib/libcrypto.0.9.8.dylib
0x000000010b92f000 	/System/Library/PrivateFrameworks/TrustEvaluationAgent.framework/Versions/A/TrustEvaluationAgent
0x000000010b93d000 	/System/Library/Frameworks/OpenDirectory.framework/Versions/A/Frameworks/CFOpenDirectory.framework/Versions/A/CFOpenDirectory
0x000000010b971000 	/usr/lib/libxslt.1.dylib
0x000000010b9a7000 	/System/Library/PrivateFrameworks/FamilyControls.framework/Versions/A/FamilyControls
0x000000010b9ea000 	/System/Library/Frameworks/Carbon.framework/Versions/A/Frameworks/Ink.framework/Versions/A/Ink
0x000000010bac4000 	/System/Library/Frameworks/ApplicationServices.framework/Versions/A/Frameworks/CoreGraphics.framework/Versions/A/CoreGraphics
0x000000010c56e000 	/System/Library/Frameworks/ApplicationServices.framework/Versions/A/Frameworks/ImageIO.framework/Versions/A/ImageIO
0x000000010c698000 	/System/Library/Frameworks/ApplicationServices.framework/Versions/A/Frameworks/CoreText.framework/Versions/A/CoreText
0x000000010c7a5000 	/System/Library/Frameworks/ApplicationServices.framework/Versions/A/Frameworks/ATS.framework/Versions/A/ATS
0x000000010c859000 	/System/Library/Frameworks/ApplicationServices.framework/Versions/A/Frameworks/ColorSync.framework/Versions/A/ColorSync
0x000000010c966000 	/System/Library/Frameworks/ApplicationServices.framework/Versions/A/Frameworks/HIServices.framework/Versions/A/HIServices
0x000000010c9f8000 	/System/Library/Frameworks/ApplicationServices.framework/Versions/A/Frameworks/LangAnalysis.framework/Versions/A/LangAnalysis
0x000000001291f000 	/System/Library/Frameworks/ApplicationServices.framework/Versions/A/Frameworks/PrintCore.framework/Versions/A/PrintCore
0x000000010cad7000 	/System/Library/Frameworks/ApplicationServices.framework/Versions/A/Frameworks/QD.framework/Versions/A/QD
0x000000010cb31000 	/System/Library/Frameworks/ApplicationServices.framework/Versions/A/Frameworks/SpeechSynthesis.framework/Versions/A/SpeechSynthesis
0x000000010cb5b000 	/System/Library/Frameworks/IOSurface.framework/Versions/A/IOSurface
0x000000010cb70000 	/System/Library/Frameworks/Accelerate.framework/Versions/A/Accelerate
0x000000010cb74000 	/System/Library/Frameworks/ApplicationServices.framework/Versions/A/Frameworks/ImageIO.framework/Versions/A/Resources/libJPEG.dylib
0x000000010cbab000 	/System/Library/Frameworks/ApplicationServices.framework/Versions/A/Frameworks/ImageIO.framework/Versions/A/Resources/libTIFF.dylib
0x000000010cc17000 	/System/Library/Frameworks/ApplicationServices.framework/Versions/A/Frameworks/ImageIO.framework/Versions/A/Resources/libPng.dylib
0x000000010cc46000 	/System/Library/Frameworks/ApplicationServices.framework/Versions/A/Frameworks/ImageIO.framework/Versions/A/Resources/libGIF.dylib
0x000000010cc55000 	/System/Library/Frameworks/ApplicationServices.framework/Versions/A/Frameworks/ImageIO.framework/Versions/A/Resources/libJP2.dylib
0x000000010cd91000 	/System/Library/Frameworks/ApplicationServices.framework/Versions/A/Frameworks/ImageIO.framework/Versions/A/Resources/libRadiance.dylib
0x000000010cd9e000 	/System/Library/Frameworks/Accelerate.framework/Versions/A/Frameworks/vImage.framework/Versions/A/vImage
0x000000010cef4000 	/System/Library/Frameworks/Accelerate.framework/Versions/A/Frameworks/vecLib.framework/Versions/A/vecLib
0x000000010cef7000 	/System/Library/Frameworks/Accelerate.framework/Versions/A/Frameworks/vecLib.framework/Versions/A/libvDSP.dylib
0x000000010cf61000 	/System/Library/Frameworks/Accelerate.framework/Versions/A/Frameworks/vecLib.framework/Versions/A/libvMisc.dylib
0x000000010d006000 	/System/Library/Frameworks/Accelerate.framework/Versions/A/Frameworks/vecLib.framework/Versions/A/libLAPACK.dylib
0x000000010d496000 	/System/Library/Frameworks/Accelerate.framework/Versions/A/Frameworks/vecLib.framework/Versions/A/libBLAS.dylib
0x000000010dac0000 	/System/Library/Frameworks/ApplicationServices.framework/Versions/A/Frameworks/ATS.framework/Versions/A/Resources/libFontParser.dylib
0x000000010dc23000 	/System/Library/Frameworks/ApplicationServices.framework/Versions/A/Frameworks/ATS.framework/Versions/A/Resources/libFontRegistry.dylib
0x000000010dc9b000 	/usr/lib/libcups.2.dylib
0x000000010dcf3000 	/System/Library/Frameworks/Kerberos.framework/Versions/A/Kerberos
0x000000010dd35000 	/System/Library/Frameworks/GSS.framework/Versions/A/GSS
0x000000010dd83000 	/usr/lib/libresolv.9.dylib
0x000000010ddac000 	/usr/lib/libiconv.2.dylib
0x000000010deb5000 	/System/Library/PrivateFrameworks/Heimdal.framework/Versions/A/Heimdal
0x000000010df63000 	/System/Library/Frameworks/OpenDirectory.framework/Versions/A/OpenDirectory
0x000000010df77000 	/System/Library/PrivateFrameworks/CommonAuth.framework/Versions/A/CommonAuth
0x000000010df90000 	/System/Library/Frameworks/CoreVideo.framework/Versions/A/CoreVideo
0x000000010dfd9000 	/System/Library/Frameworks/QuartzCore.framework/Versions/A/Frameworks/CoreImage.framework/Versions/A/CoreImage
0x000000010e33e000 	/System/Library/Frameworks/QuartzCore.framework/Versions/A/Frameworks/ScalableUserInterface.framework/Versions/A/ScalableUserInterface
0x000000010e3be000 	/System/Library/Frameworks/OpenGL.framework/Versions/A/Libraries/libGLU.dylib
0x000000010e424000 	/System/Library/Frameworks/OpenGL.framework/Versions/A/Libraries/libGFXShared.dylib
0x000000010e432000 	/System/Library/Frameworks/OpenGL.framework/Versions/A/Libraries/libGL.dylib
0x000000010e45a000 	/System/Library/Frameworks/OpenGL.framework/Versions/A/Libraries/libGLImage.dylib
0x000000010e4a6000 	/System/Library/Frameworks/OpenGL.framework/Versions/A/Libraries/libCVMSPluginSupport.dylib
0x000000010e4b3000 	/System/Library/Frameworks/OpenGL.framework/Versions/A/Libraries/libCoreVMClient.dylib
0x000000010e4be000 	/System/Library/Frameworks/OpenCL.framework/Versions/A/OpenCL
0x000000010e52d000 	/System/Library/PrivateFrameworks/FaceCoreLight.framework/Versions/A/FaceCoreLight
0x000000010ee1d000 	/System/Library/Frameworks/vecLib.framework/Versions/A/vecLib
0x000000010ee26000 	/System/Library/Frameworks/SecurityFoundation.framework/Versions/A/SecurityFoundation
0x000000010ef1d000 	/System/Library/PrivateFrameworks/CommerceKit.framework/Versions/A/Frameworks/CommerceCore.framework/Versions/A/CommerceCore
0x000000010ef32000 	/System/Library/PrivateFrameworks/CoreSymbolication.framework/Versions/A/CoreSymbolication
0x000000010efe8000 	/System/Library/PrivateFrameworks/Symbolication.framework/Versions/A/Symbolication
0x000000010f08c000 	/System/Library/PrivateFrameworks/DebugSymbols.framework/Versions/A/DebugSymbols
0x000000010f2bb000 	/Library/Java/JavaVirtualMachines/1.7.0.jdk/Contents/Home/jre/lib/server/libjvm.dylib
0x000000010fe5e000 	/Library/Java/JavaVirtualMachines/1.7.0.jdk/Contents/Home/jre/lib/libverify.dylib
0x000000010fe6b000 	/Library/Java/JavaVirtualMachines/1.7.0.jdk/Contents/Home/jre/lib/libjava.dylib
0x000000010fea3000 	/Library/Java/JavaVirtualMachines/1.7.0.jdk/Contents/Home/jre/lib/libzip.dylib
0x0000000118616000 	/System/Library/Frameworks/JavaVM.framework/Frameworks/JavaRuntimeSupport.framework/JavaRuntimeSupport
0x000000011862e000 	/System/Library/Frameworks/JavaVM.framework/Versions/A/Frameworks/JavaNativeFoundation.framework/Versions/A/JavaNativeFoundation
0x0000000118643000 	/System/Library/Frameworks/JavaVM.framework/Versions/A/JavaVM
0x00000001074af000 	/System/Library/Frameworks/Carbon.framework/Versions/A/Carbon
0x0000000118650000 	/System/Library/PrivateFrameworks/JavaLaunching.framework/Versions/A/JavaLaunching
0x000000011865c000 	/System/Library/Frameworks/Carbon.framework/Versions/A/Frameworks/CommonPanels.framework/Versions/A/CommonPanels
0x0000000118667000 	/System/Library/Frameworks/Carbon.framework/Versions/A/Frameworks/Help.framework/Versions/A/Help
0x0000000118670000 	/System/Library/Frameworks/Carbon.framework/Versions/A/Frameworks/ImageCapture.framework/Versions/A/ImageCapture
0x00000001186a0000 	/System/Library/Frameworks/Carbon.framework/Versions/A/Frameworks/OpenScripting.framework/Versions/A/OpenScripting
0x00000000a29d6000 	/System/Library/Frameworks/Carbon.framework/Versions/A/Frameworks/Print.framework/Versions/A/Print
0x00000001186cf000 	/System/Library/Frameworks/Carbon.framework/Versions/A/Frameworks/SecurityHI.framework/Versions/A/SecurityHI
0x0000000118e25000 	/Library/Java/JavaVirtualMachines/1.7.0.jdk/Contents/Home/jre/lib/libawt.dylib
0x0000000118ed4000 	/Library/Java/JavaVirtualMachines/1.7.0.jdk/Contents/Home/jre/lib/./libmlib_image.dylib
0x0000000118fa0000 	/Library/Java/JavaVirtualMachines/1.7.0.jdk/Contents/Home/jre/lib/lwawt/liblwawt.dylib
0x000000011904d000 	/Library/Java/JavaVirtualMachines/1.7.0.jdk/Contents/Home/jre/lib/server/../libosxapp.dylib
0x0000000109f87000 	/System/Library/Frameworks/ExceptionHandling.framework/Versions/A/ExceptionHandling
0x000000011a149000 	/System/Library/PrivateFrameworks/CoreServicesInternal.framework/CoreServicesInternal
0x000000011a18f000 	/System/Library/Frameworks/ApplicationServices.framework/Versions/A/Frameworks/CoreGraphics.framework/Versions/A/Resources/libCSync.A.dylib
0x000000011ac7f000 	/System/Library/CoreServices/RawCamera.bundle/Contents/MacOS/RawCamera
0x000000011a1e9000 	/System/Library/Frameworks/ApplicationServices.framework/Versions/A/Frameworks/CoreGraphics.framework/Versions/A/Resources/libRIP.A.dylib
0x000000011a24e000 	/System/Library/Frameworks/ApplicationServices.framework/Versions/A/Frameworks/CoreGraphics.framework/Versions/A/Resources/libCGXType.A.dylib
0x000000011a1c6000 	/System/Library/PrivateFrameworks/CrashReporterSupport.framework/Versions/A/CrashReporterSupport
0x000000011b1b3000 	/Library/Java/JavaVirtualMachines/1.7.0.jdk/Contents/Home/jre/lib/libfontmanager.dylib
0x000000011d65a000 	/Users/user/Desktop/PcBackup/Temp/LWJGLGaymes/TheZordzman/lib/native/macosx/liblwjgl.jnilib
0x0000000109f1e000 	/Library/Java/JavaVirtualMachines/1.7.0.jdk/Contents/Home/jre/lib/server/../libjawt.dylib
0x000000011d6d5000 	/System/Library/Frameworks/OpenGL.framework/Resources/GLEngine.bundle/GLEngine
0x000000011d8c4000 	/System/Library/Frameworks/OpenGL.framework/Versions/A/Libraries/libGLProgrammability.dylib
0x000000011da50000 	/System/Library/Extensions/ATIRadeonX3000GLDriver.bundle/Contents/MacOS/ATIRadeonX3000GLDriver
0x000000011b1ff000 	/System/Library/PrivateFrameworks/GPUSupport.framework/Versions/A/Libraries/libGPUSupport.dylib
0x000000011b241000 	/System/Library/Frameworks/OpenGL.framework/Resources//GLRendererFloat.bundle/GLRendererFloat
0x000000011b214000 	/System/Library/Frameworks/OpenCL.framework/Versions/A/Libraries/libcldcpuengine.dylib
0x000000011dd60000 	/System/Library/PrivateFrameworks/DiskImages.framework/Versions/A/DiskImages
0x000000010ad24000 	/System/Library/Frameworks/OpenGL.framework/Versions/A/Libraries/libCoreFSCache.dylib
0x000000011deb7000 	/System/Library/Frameworks/DiscRecording.framework/Versions/A/DiscRecording
0x000000011dff5000 	/usr/lib/libcurl.4.dylib
0x000000011e04a000 	/System/Library/PrivateFrameworks/MediaKit.framework/Versions/A/MediaKit
0x000000011e0a1000 	/usr/lib/libssl.0.9.8.dylib
0x000000011e0f3000 	/System/Library/Frameworks/LDAP.framework/Versions/A/LDAP
0x000000011e13c000 	/usr/lib/libsasl2.2.dylib
0x000000011e2ad000 	/Library/Java/JavaVirtualMachines/1.7.0.jdk/Contents/Home/jre/lib/libnio.dylib
0x000000011e2bc000 	/Library/Java/JavaVirtualMachines/1.7.0.jdk/Contents/Home/jre/lib/./libnet.dylib

VM Arguments:
jvm_args: -Djava.library.path=/Users/user/Desktop/PcBackup/Temp/LWJGLGaymes/TheZordzman/lib/native/macosx -Dfile.encoding=MacRoman 
java_command: zordz.Zordz
Launcher Type: SUN_STANDARD

Environment Variables:
PATH=/usr/bin:/bin:/usr/sbin:/sbin
SHELL=/bin/bash
DISPLAY=/tmp/launch-E3KDTv/org.x:0

Signal Handlers:
SIGSEGV: [libjvm.dylib+0x4a177d], sa_mask[0]=0xfffefeff, sa_flags=0x00000042
SIGBUS: [libjvm.dylib+0x4a177d], sa_mask[0]=0xfffefeff, sa_flags=0x00000042
SIGFPE: [libjvm.dylib+0x3b1541], sa_mask[0]=0xfffefeff, sa_flags=0x00000042
SIGPIPE: [libjvm.dylib+0x3b1541], sa_mask[0]=0xfffefeff, sa_flags=0x00000042
SIGXFSZ: [libjvm.dylib+0x3b1541], sa_mask[0]=0xfffefeff, sa_flags=0x00000042
SIGILL: [libjvm.dylib+0x3b1541], sa_mask[0]=0xfffefeff, sa_flags=0x00000042
SIGUSR1: SIG_DFL, sa_mask[0]=0x00000000, sa_flags=0x00000002
SIGUSR2: [libjvm.dylib+0x3b10ce], sa_mask[0]=0x00000004, sa_flags=0x00000042
SIGHUP: [libjvm.dylib+0x3af2f3], sa_mask[0]=0xfffefeff, sa_flags=0x00000042
SIGINT: [libjvm.dylib+0x3af2f3], sa_mask[0]=0xfffefeff, sa_flags=0x00000042
SIGTERM: [libjvm.dylib+0x3af2f3], sa_mask[0]=0xfffefeff, sa_flags=0x00000042
SIGQUIT: [libjvm.dylib+0x3af2f3], sa_mask[0]=0xfffefeff, sa_flags=0x00000042


---------------  S Y S T E M  ---------------

OS:Bsd
uname:Darwin 11.4.2 Darwin Kernel Version 11.4.2: Thu Aug 23 16:25:48 PDT 2012; root:xnu-1699.32.7~1/RELEASE_X86_64 x86_64
rlimit: STACK 8192k, CORE 0k, NPROC 709, NOFILE 10240
CPU:total 4 (4 cores per cpu, 1 threads per core) family 6 model 42 stepping 7, cmov, cx8, fxsr, mmx, sse, sse2, sse3, ssse3, sse4.1, sse4.2, popcnt, avx, tsc, tscinvbit

Memory: 4k page, physical 5616096k(1404024k free)

/proc/meminfo:


vm_info: Java HotSpot(TM) 64-Bit Server VM (23.0-b21) for bsd-amd64 JRE (1.7.0_04-b21), built on Apr 19 2012 22:33:17 by "java_re" with gcc 4.2.1 (Based on Apple Inc. build 5658) (LLVM build 2336.1.00)

time: Sun Nov  3 13:39:15 2013
elapsed time: 2 seconds

