#
# A fatal error has been detected by the Java Runtime Environment:
#
#  SIGSEGV (0xb) at pc=0x0000000000000000, pid=460, tid=4709474304
#
# JRE version: 7.0_04-b21
# Java VM: Java HotSpot(TM) 64-Bit Server VM (23.0-b21 mixed mode bsd-amd64 compressed oops)
# Problematic frame:
# C  0x0000000000000000
#
# Failed to write core dump. Core dumps have been disabled. To enable core dumping, try "ulimit -c unlimited" before starting Java again
#
# If you would like to submit a bug report, please visit:
#   http://bugreport.sun.com/bugreport/crash.jsp
# The crash happened outside the Java Virtual Machine in native code.
# See problematic frame for where to report the bug.
#

---------------  T H R E A D  ---------------

Current thread (0x00007fdffa834800):  JavaThread "main" [_thread_in_native, id=414507008, stack(0x0000000118a4e000,0x0000000118b4e000)]

siginfo:si_signo=SIGSEGV: si_errno=0, si_code=1 (SEGV_MAPERR), si_addr=0x0000000000000000

Registers:
RAX=0x0000000124946eb0, RBX=0x00000007a55e8af0, RCX=0x0000000000000000, RDX=0x0000000000000001
RSP=0x0000000118b4cfb8, RBP=0x0000000118b4cfd0, RSI=0x0000000118b4cfcc, RDI=0x0000000000000001
R8 =0x00000000ffffffff, R9 =0x0000000000000000, R10=0x0000000118baff64, R11=0x00000001183b01a3
R12=0x0000000000000000, R13=0x00000007a55e8af0, R14=0x0000000118b4d048, R15=0x00007fdffa834800
RIP=0x0000000000000000, EFLAGS=0x0000000000010206, ERR=0x0000000000000014
  TRAPNO=0x000000000000000e

Top of Stack: (sp=0x0000000118b4cfb8)
0x0000000118b4cfb8:   0000000124946ec4 0000000118b4d028
0x0000000118b4cfc8:   0000000118bafe29 0000000118b4d028
0x0000000118b4cfd8:   0000000118baff90 00000007a55a4060
0x0000000118b4cfe8:   0000000118b4cfe8 00000007a55e8af0
0x0000000118b4cff8:   0000000118b4d048 00000007a55ea858
0x0000000118b4d008:   0000000000000000 00000007a55e8af0
0x0000000118b4d018:   0000000000000000 0000000118b4d048
0x0000000118b4d028:   0000000118b4d090 0000000118ba42d4
0x0000000118b4d038:   00000007e3c383f8 0000000118bacdd6
0x0000000118b4d048:   0000000000000001 0000000118b4d050
0x0000000118b4d058:   00000007a55e8a01 0000000118b4d0a0
0x0000000118b4d068:   00000007a55ea858 0000000000000000
0x0000000118b4d078:   00000007a55e8a20 0000000118b4d048
0x0000000118b4d088:   0000000118b4d0a8 0000000118b4d0e8
0x0000000118b4d098:   0000000118ba42d4 0000000000000000
0x0000000118b4d0a8:   0000000118b4d0a8 00000007a559b3cd
0x0000000118b4d0b8:   0000000118b4d118 00000007a559b8f8
0x0000000118b4d0c8:   0000000000000000 00000007a559b458
0x0000000118b4d0d8:   0000000118b4d0a8 0000000118b4d110
0x0000000118b4d0e8:   0000000118b4d160 0000000118ba4333
0x0000000118b4d0f8:   0000000000000000 0000000000000000
0x0000000118b4d108:   00000007e3c2b5c8 0000000000000000
0x0000000118b4d118:   00000007e3bf3d90 0000000118b4d120
0x0000000118b4d128:   00000007a55a2444 0000000118b4d168
0x0000000118b4d138:   00000007a55a2840 0000000000000000
0x0000000118b4d148:   00000007a55a2458 0000000118b4d110
0x0000000118b4d158:   0000000118b4d170 0000000118b4d1d0
0x0000000118b4d168:   0000000118b9e4f7 0000000100001fa2
0x0000000118b4d178:   0000000000000000 00007fdffa834800
0x0000000118b4d188:   0000000118b9e46f 000000000000000a
0x0000000118b4d198:   00007fdffa4192c0 0000000118b4d240
0x0000000118b4d1a8:   0000000118b4d2f0 000000000000000a 

Instructions: (pc=0x0000000000000000)
0xffffffffffffffe0:   

Register to memory mapping:

RAX=0x0000000124946eb0: Java_org_lwjgl_openal_AL10_nalGenBuffers2+0 in /Users/user/Desktop/PcBackup/Temp/LWJGLGaymes/TheZordzman/lib/native/macosx/liblwjgl.jnilib at 0x0000000124944000
RBX=0x00000007a55e8af0 is an oop
{method} 
 - klass: {other class}
RCX=0x0000000000000000 is an unknown value
RDX=0x0000000000000001 is an unknown value
RSP=0x0000000118b4cfb8 is pointing into the stack for thread: 0x00007fdffa834800
RBP=0x0000000118b4cfd0 is pointing into the stack for thread: 0x00007fdffa834800
RSI=0x0000000118b4cfcc is pointing into the stack for thread: 0x00007fdffa834800
RDI=0x0000000000000001 is an unknown value
R8 =0x00000000ffffffff is an unknown value
R9 =0x0000000000000000 is an unknown value
R10=0x0000000118baff64 is an Interpreter codelet
method entry point (kind = native)  [0x0000000118bafd00, 0x0000000118bb0540]  2112 bytes
R11=0x00000001183b01a3: throw_unsatisfied_link_error+0 in /Library/Java/JavaVirtualMachines/1.7.0.jdk/Contents/Home/jre/lib/server/libjvm.dylib at 0x0000000117fad000
R12=0x0000000000000000 is an unknown value
R13=0x00000007a55e8af0 is an oop
{method} 
 - klass: {other class}
R14=0x0000000118b4d048 is pointing into the stack for thread: 0x00007fdffa834800
R15=0x00007fdffa834800 is a thread


Stack: [0x0000000118a4e000,0x0000000118b4e000],  sp=0x0000000118b4cfb8,  free space=1019k
Java frames: (J=compiled Java code, j=interpreted, Vv=VM code)
j  org.lwjgl.openal.AL10.nalGenBuffers2(I)I+0
j  org.lwjgl.openal.AL10.alGenBuffers()I+1
j  zordz.util.SoundPlayer.newSound(Ljava/lang/String;I)Lzordz/util/Sound;+29
j  zordz.util.Sound.<clinit>()V+12
v  ~StubRoutines::call_stub
j  zordz.state.TitleState.tick()V+17
j  zordz.Screen.update()V+7
j  zordz.Zordz.run()V+14
j  zordz.Zordz.start()V+5
j  zordz.Zordz.main([Ljava/lang/String;)V+7
v  ~StubRoutines::call_stub

---------------  P R O C E S S  ---------------

Java Threads: ( => current thread )
  0x00007fdffa919000 JavaThread "AWT-Shutdown" [_thread_blocked, id=568725504, stack(0x0000000121d61000,0x0000000121e61000)]
  0x00007fdffa918000 JavaThread "AppKit Thread" daemon [_thread_in_native, id=328407392, stack(0x00007fff6f165000,0x00007fff6f965000)]
  0x00007fdffa8b9000 JavaThread "Service Thread" daemon [_thread_blocked, id=563814400, stack(0x00000001218b2000,0x00000001219b2000)]
  0x00007fdffa8b8800 JavaThread "C2 CompilerThread1" daemon [_thread_blocked, id=562753536, stack(0x00000001217af000,0x00000001218af000)]
  0x00007fdffa8b6800 JavaThread "C2 CompilerThread0" daemon [_thread_in_native, id=561692672, stack(0x00000001216ac000,0x00000001217ac000)]
  0x00007fdffa8b1800 JavaThread "Signal Dispatcher" daemon [_thread_blocked, id=560631808, stack(0x00000001215a9000,0x00000001216a9000)]
  0x00007fdffa88a000 JavaThread "Finalizer" daemon [_thread_blocked, id=556904448, stack(0x000000012121b000,0x000000012131b000)]
  0x00007fdffa889000 JavaThread "Reference Handler" daemon [_thread_blocked, id=555843584, stack(0x0000000121118000,0x0000000121218000)]
=>0x00007fdffa834800 JavaThread "main" [_thread_in_native, id=414507008, stack(0x0000000118a4e000,0x0000000118b4e000)]

Other Threads:
  0x00007fdffa886800 VMThread [stack: 0x0000000121015000,0x0000000121115000] [id=554782720]
  0x00007fdffa88c000 WatcherThread [stack: 0x00000001219b5000,0x0000000121ab5000] [id=564875264]

VM state:not at safepoint (normal execution)

VM Mutex/Monitor currently owned by a thread: None

Heap
 PSYoungGen      total 25600K, used 6417K [0x00000007e3600000, 0x00000007e5290000, 0x0000000800000000)
  eden space 21952K, 29% used [0x00000007e3600000,0x00000007e3c44620,0x00000007e4b70000)
  from space 3648K, 0% used [0x00000007e4f00000,0x00000007e4f00000,0x00000007e5290000)
  to   space 3648K, 0% used [0x00000007e4b70000,0x00000007e4b70000,0x00000007e4f00000)
 ParOldGen       total 58624K, used 0K [0x00000007aa200000, 0x00000007adb40000, 0x00000007e3600000)
  object space 58624K, 0% used [0x00000007aa200000,0x00000007aa200000,0x00000007adb40000)
 PSPermGen       total 21248K, used 6060K [0x00000007a5000000, 0x00000007a64c0000, 0x00000007aa200000)
  object space 21248K, 28% used [0x00000007a5000000,0x00000007a55eb178,0x00000007a64c0000)

Code Cache  [0x0000000118b9e000, 0x0000000118e0e000, 0x000000011bb9e000)
 total_blobs=387 nmethods=70 adapters=270 free_code_cache=48612Kb largest_free_block=49764352

Compilation events (10 events):
Event: 4.130 Thread 0x00007fdffa8b6800   65             java.nio.Bits::getShortL (16 bytes)
Event: 4.131 Thread 0x00007fdffa8b6800 nmethod 65 0x0000000118c1f710 code [0x0000000118c1f860, 0x0000000118c1f958]
Event: 4.131 Thread 0x00007fdffa8b6800   66             java.nio.Bits::makeShort (12 bytes)
Event: 4.131 Thread 0x00007fdffa8b8800 nmethod 63 0x0000000118c1f290 code [0x0000000118c1f3e0, 0x0000000118c1f558]
Event: 4.131 Thread 0x00007fdffa8b8800   67             java.nio.DirectShortBufferU::put (17 bytes)
Event: 4.131 Thread 0x00007fdffa8b6800 nmethod 66 0x0000000118c1f090 code [0x0000000118c1f1c0, 0x0000000118c1f218]
Event: 4.131 Thread 0x00007fdffa8b6800   68             java.nio.DirectShortBufferU::ix (10 bytes)
Event: 4.131 Thread 0x00007fdffa8b6800 nmethod 68 0x0000000118c1ee10 code [0x0000000118c1ef40, 0x0000000118c1efb8]
Event: 4.132 Thread 0x00007fdffa8b8800 nmethod 67 0x0000000118c21390 code [0x0000000118c214c0, 0x0000000118c21558]
Event: 4.132 Thread 0x00007fdffa8b6800    2 %           org.lwjgl.util.WaveData::convertAudioBytes @ 43 (94 bytes)

GC Heap History (0 events):
No events

Deoptimization events (0 events):
No events

Internal exceptions (10 events):
Event: 0.439 Thread 0x00007fdffa834800 Threw 0x00000007e3bc8ed8 at /HUDSON/workspace/jdk7u4-2-build-macosx-x86_64-product/jdk7u4/hotspot/src/share/vm/prims/jvm.cpp:1166
Event: 0.439 Thread 0x00007fdffa834800 Threw 0x00000007e3bcbcd0 at /HUDSON/workspace/jdk7u4-2-build-macosx-x86_64-product/jdk7u4/hotspot/src/share/vm/prims/jvm.cpp:1166
Event: 0.439 Thread 0x00007fdffa834800 Threw 0x00000007e3bcecb0 at /HUDSON/workspace/jdk7u4-2-build-macosx-x86_64-product/jdk7u4/hotspot/src/share/vm/prims/jvm.cpp:1166
Event: 0.441 Thread 0x00007fdffa834800 Threw 0x00000007e3bd6d70 at /HUDSON/workspace/jdk7u4-2-build-macosx-x86_64-product/jdk7u4/hotspot/src/share/vm/prims/jvm.cpp:1166
Event: 0.447 Thread 0x00007fdffa834800 Threw 0x00000007e3bd9ae0 at /HUDSON/workspace/jdk7u4-2-build-macosx-x86_64-product/jdk7u4/hotspot/src/share/vm/prims/jvm.cpp:1166
Event: 0.460 Thread 0x00007fdffa834800 Threw 0x00000007e3bdc7b0 at /HUDSON/workspace/jdk7u4-2-build-macosx-x86_64-product/jdk7u4/hotspot/src/share/vm/prims/jvm.cpp:1166
Event: 0.461 Thread 0x00007fdffa834800 Threw 0x00000007e3be2a68 at /HUDSON/workspace/jdk7u4-2-build-macosx-x86_64-product/jdk7u4/hotspot/src/share/vm/prims/jvm.cpp:1166
Event: 4.045 Thread 0x00007fdffa834800 Threw 0x00000007e3bf2650 at /HUDSON/workspace/jdk7u4-2-build-macosx-x86_64-product/jdk7u4/hotspot/src/share/vm/prims/jvm.cpp:1166
Event: 4.046 Thread 0x00007fdffa834800 Threw 0x00000007e3bf7260 at /HUDSON/workspace/jdk7u4-2-build-macosx-x86_64-product/jdk7u4/hotspot/src/share/vm/prims/jvm.cpp:1166
Event: 4.132 Thread 0x00007fdffa834800 Threw 0x00000007e3c2c8e8 at /HUDSON/workspace/jdk7u4-2-build-macosx-x86_64-product/jdk7u4/hotspot/src/share/vm/prims/jvm.cpp:1166

Events (10 events):
Event: 4.114 loading class 0x00007fdffb145c40
Event: 4.114 loading class 0x00007fdffb145c40 done
Event: 4.114 loading class 0x00007fdffa4a41d0
Event: 4.116 loading class 0x00007fdffa4a41d0 done
Event: 4.116 loading class 0x00007fdffa482e40
Event: 4.124 loading class 0x00007fdffa482e40 done
Event: 4.130 Executing VM operation: EnableBiasedLocking
Event: 4.130 Executing VM operation: EnableBiasedLocking done
Event: 4.132 loading class 0x00007fdffd210ce0
Event: 4.132 loading class 0x00007fdffd210ce0 done


Dynamic libraries:
0x000000010fd7c000 	/System/Library/Frameworks/Cocoa.framework/Versions/A/Cocoa
0x000000010fd81000 	/System/Library/Frameworks/Security.framework/Versions/A/Security
0x0000000110199000 	/System/Library/Frameworks/ApplicationServices.framework/Versions/A/ApplicationServices
0x000000011019f000 	/usr/lib/libz.1.dylib
0x00000001101b9000 	/usr/lib/libSystem.B.dylib
0x00000001101f6000 	/usr/lib/libobjc.A.dylib
0x00000001102f9000 	/System/Library/Frameworks/CoreFoundation.framework/Versions/A/CoreFoundation
0x000000011061c000 	/System/Library/Frameworks/AppKit.framework/Versions/C/AppKit
0x00000001118ab000 	/System/Library/Frameworks/CoreData.framework/Versions/A/CoreData
0x0000000111bc5000 	/System/Library/Frameworks/Foundation.framework/Versions/C/Foundation
0x00000001120c2000 	/System/Library/PrivateFrameworks/RemoteViewServices.framework/Versions/A/RemoteViewServices
0x0000000112107000 	/System/Library/Frameworks/AudioToolbox.framework/Versions/A/AudioToolbox
0x00000001122e9000 	/System/Library/Frameworks/AudioUnit.framework/Versions/A/AudioUnit
0x00000001122f5000 	/System/Library/PrivateFrameworks/DataDetectorsCore.framework/Versions/A/DataDetectorsCore
0x00000001123a3000 	/System/Library/PrivateFrameworks/DesktopServicesPriv.framework/Versions/A/DesktopServicesPriv
0x000000011251b000 	/System/Library/Frameworks/Carbon.framework/Versions/A/Frameworks/HIToolbox.framework/Versions/A/HIToolbox
0x000000011298e000 	/System/Library/Frameworks/QuartzCore.framework/Versions/A/QuartzCore
0x0000000112bdd000 	/System/Library/Frameworks/Carbon.framework/Versions/A/Frameworks/SpeechRecognition.framework/Versions/A/SpeechRecognition
0x0000000112bf7000 	/usr/lib/libauto.dylib
0x0000000112c5e000 	/usr/lib/libicucore.A.dylib
0x0000000112ef1000 	/usr/lib/libxml2.2.dylib
0x000000011301e000 	/System/Library/PrivateFrameworks/CoreUI.framework/Versions/A/CoreUI
0x00000001130c9000 	/System/Library/Frameworks/CoreAudio.framework/Versions/A/CoreAudio
0x000000011315c000 	/System/Library/Frameworks/DiskArbitration.framework/Versions/A/DiskArbitration
0x000000011316f000 	/usr/lib/liblangid.dylib
0x0000000113174000 	/System/Library/PrivateFrameworks/MultitouchSupport.framework/Versions/A/MultitouchSupport
0x000000011319a000 	/System/Library/Frameworks/IOKit.framework/Versions/A/IOKit
0x0000000113234000 	/usr/lib/libDiagnosticMessagesClient.dylib
0x000000011323b000 	/System/Library/Frameworks/CoreServices.framework/Versions/A/CoreServices
0x0000000113243000 	/System/Library/PrivateFrameworks/PerformanceAnalysis.framework/Versions/A/PerformanceAnalysis
0x000000011328b000 	/System/Library/PrivateFrameworks/GenerationalStorage.framework/Versions/A/GenerationalStorage
0x00000001132b6000 	/System/Library/Frameworks/OpenGL.framework/Versions/A/OpenGL
0x00000001132d1000 	/System/Library/Frameworks/CoreServices.framework/Versions/A/Frameworks/CFNetwork.framework/Versions/A/CFNetwork
0x00000001134df000 	/System/Library/Frameworks/SystemConfiguration.framework/Versions/A/SystemConfiguration
0x000000011355b000 	/usr/lib/libCRFSuite.dylib
0x0000000113579000 	/usr/lib/libc++.1.dylib
0x000000011364e000 	/usr/lib/libstdc++.6.dylib
0x0000000113723000 	/usr/lib/libc++abi.dylib
0x000000011373e000 	/usr/lib/system/libcache.dylib
0x0000000113748000 	/usr/lib/system/libcommonCrypto.dylib
0x000000011379d000 	/usr/lib/system/libcompiler_rt.dylib
0x00000001137aa000 	/usr/lib/system/libcopyfile.dylib
0x00000001137b7000 	/usr/lib/system/libdispatch.dylib
0x00000001137dc000 	/usr/lib/system/libdnsinfo.dylib
0x00000001137e5000 	/usr/lib/system/libdyld.dylib
0x00000001137f5000 	/usr/lib/system/libkeymgr.dylib
0x00000001137fe000 	/usr/lib/system/liblaunch.dylib
0x0000000113815000 	/usr/lib/system/libmacho.dylib
0x0000000113823000 	/usr/lib/system/libmathCommon.A.dylib
0x000000011382d000 	/usr/lib/system/libquarantine.dylib
0x0000000113836000 	/usr/lib/system/libremovefile.dylib
0x000000011383d000 	/usr/lib/system/libsystem_blocks.dylib
0x000000011384a000 	/usr/lib/system/libsystem_c.dylib
0x000000011396d000 	/usr/lib/system/libsystem_dnssd.dylib
0x000000011397b000 	/usr/lib/system/libsystem_info.dylib
0x00000001139d0000 	/usr/lib/system/libsystem_kernel.dylib
0x0000000113a03000 	/usr/lib/system/libsystem_network.dylib
0x0000000113a14000 	/usr/lib/system/libsystem_notify.dylib
0x0000000113a26000 	/usr/lib/system/libsystem_sandbox.dylib
0x0000000113a31000 	/usr/lib/system/libunc.dylib
0x0000000113a3c000 	/usr/lib/system/libunwind.dylib
0x0000000113a4f000 	/usr/lib/system/libxpc.dylib
0x0000000113a87000 	/usr/lib/libbsm.0.dylib
0x0000000113aa5000 	/usr/lib/libsqlite3.dylib
0x0000000113bc1000 	/usr/lib/libOpenScriptingUtil.dylib
0x0000000113bc5000 	/usr/lib/libpam.2.dylib
0x0000000113bd2000 	/usr/lib/libxar-nossl.dylib
0x0000000113bee000 	/usr/lib/libbz2.1.0.dylib
0x0000000113c02000 	/System/Library/Frameworks/CoreServices.framework/Versions/A/Frameworks/CarbonCore.framework/Versions/A/CarbonCore
0x000000011379e000 	/System/Library/Frameworks/CoreServices.framework/Versions/A/Frameworks/Metadata.framework/Versions/A/Metadata
0x0000000114077000 	/System/Library/Frameworks/CoreServices.framework/Versions/A/Frameworks/OSServices.framework/Versions/A/OSServices
0x00000001141da000 	/System/Library/Frameworks/CoreServices.framework/Versions/A/Frameworks/SearchKit.framework/Versions/A/SearchKit
0x00000001142b9000 	/System/Library/Frameworks/CoreServices.framework/Versions/A/Frameworks/AE.framework/Versions/A/AE
0x0000000114313000 	/System/Library/Frameworks/CoreServices.framework/Versions/A/Frameworks/LaunchServices.framework/Versions/A/LaunchServices
0x0000000114406000 	/System/Library/Frameworks/CoreServices.framework/Versions/A/Frameworks/DictionaryServices.framework/Versions/A/DictionaryServices
0x0000000114459000 	/System/Library/Frameworks/NetFS.framework/Versions/A/NetFS
0x000000011446a000 	/usr/lib/system/libkxld.dylib
0x0000000114484000 	/System/Library/PrivateFrameworks/NetAuth.framework/Versions/A/NetAuth
0x00000001144a5000 	/usr/lib/libcrypto.0.9.8.dylib
0x000000011461d000 	/System/Library/PrivateFrameworks/TrustEvaluationAgent.framework/Versions/A/TrustEvaluationAgent
0x000000011462a000 	/System/Library/Frameworks/OpenDirectory.framework/Versions/A/Frameworks/CFOpenDirectory.framework/Versions/A/CFOpenDirectory
0x0000000114662000 	/usr/lib/libxslt.1.dylib
0x000000011469a000 	/System/Library/PrivateFrameworks/FamilyControls.framework/Versions/A/FamilyControls
0x00000001146d9000 	/System/Library/Frameworks/Carbon.framework/Versions/A/Frameworks/Ink.framework/Versions/A/Ink
0x00000001147b9000 	/System/Library/Frameworks/ApplicationServices.framework/Versions/A/Frameworks/CoreGraphics.framework/Versions/A/CoreGraphics
0x0000000115262000 	/System/Library/Frameworks/ApplicationServices.framework/Versions/A/Frameworks/ImageIO.framework/Versions/A/ImageIO
0x0000000115391000 	/System/Library/Frameworks/ApplicationServices.framework/Versions/A/Frameworks/CoreText.framework/Versions/A/CoreText
0x000000011549a000 	/System/Library/Frameworks/ApplicationServices.framework/Versions/A/Frameworks/ATS.framework/Versions/A/ATS
0x000000011554d000 	/System/Library/Frameworks/ApplicationServices.framework/Versions/A/Frameworks/ColorSync.framework/Versions/A/ColorSync
0x0000000115657000 	/System/Library/Frameworks/ApplicationServices.framework/Versions/A/Frameworks/HIServices.framework/Versions/A/HIServices
0x00000001156eb000 	/System/Library/Frameworks/ApplicationServices.framework/Versions/A/Frameworks/LangAnalysis.framework/Versions/A/LangAnalysis
0x000000001b613000 	/System/Library/Frameworks/ApplicationServices.framework/Versions/A/Frameworks/PrintCore.framework/Versions/A/PrintCore
0x00000001157cc000 	/System/Library/Frameworks/ApplicationServices.framework/Versions/A/Frameworks/QD.framework/Versions/A/QD
0x000000011582a000 	/System/Library/Frameworks/ApplicationServices.framework/Versions/A/Frameworks/SpeechSynthesis.framework/Versions/A/SpeechSynthesis
0x0000000115857000 	/System/Library/Frameworks/IOSurface.framework/Versions/A/IOSurface
0x000000011586a000 	/System/Library/Frameworks/Accelerate.framework/Versions/A/Accelerate
0x0000000115874000 	/System/Library/Frameworks/ApplicationServices.framework/Versions/A/Frameworks/ImageIO.framework/Versions/A/Resources/libJPEG.dylib
0x00000001158a8000 	/System/Library/Frameworks/ApplicationServices.framework/Versions/A/Frameworks/ImageIO.framework/Versions/A/Resources/libTIFF.dylib
0x0000000115912000 	/System/Library/Frameworks/ApplicationServices.framework/Versions/A/Frameworks/ImageIO.framework/Versions/A/Resources/libPng.dylib
0x0000000115942000 	/System/Library/Frameworks/ApplicationServices.framework/Versions/A/Frameworks/ImageIO.framework/Versions/A/Resources/libGIF.dylib
0x0000000115950000 	/System/Library/Frameworks/ApplicationServices.framework/Versions/A/Frameworks/ImageIO.framework/Versions/A/Resources/libJP2.dylib
0x0000000115a8e000 	/System/Library/Frameworks/ApplicationServices.framework/Versions/A/Frameworks/ImageIO.framework/Versions/A/Resources/libRadiance.dylib
0x0000000115a95000 	/System/Library/Frameworks/Accelerate.framework/Versions/A/Frameworks/vImage.framework/Versions/A/vImage
0x0000000115bec000 	/System/Library/Frameworks/Accelerate.framework/Versions/A/Frameworks/vecLib.framework/Versions/A/vecLib
0x0000000115bf0000 	/System/Library/Frameworks/Accelerate.framework/Versions/A/Frameworks/vecLib.framework/Versions/A/libvDSP.dylib
0x0000000115c5e000 	/System/Library/Frameworks/Accelerate.framework/Versions/A/Frameworks/vecLib.framework/Versions/A/libvMisc.dylib
0x0000000115d03000 	/System/Library/Frameworks/Accelerate.framework/Versions/A/Frameworks/vecLib.framework/Versions/A/libLAPACK.dylib
0x0000000116197000 	/System/Library/Frameworks/Accelerate.framework/Versions/A/Frameworks/vecLib.framework/Versions/A/libBLAS.dylib
0x00000001167c1000 	/System/Library/Frameworks/ApplicationServices.framework/Versions/A/Frameworks/ATS.framework/Versions/A/Resources/libFontParser.dylib
0x0000000116926000 	/System/Library/Frameworks/ApplicationServices.framework/Versions/A/Frameworks/ATS.framework/Versions/A/Resources/libFontRegistry.dylib
0x00000001169a5000 	/usr/lib/libcups.2.dylib
0x00000001169f6000 	/System/Library/Frameworks/Kerberos.framework/Versions/A/Kerberos
0x0000000116a38000 	/System/Library/Frameworks/GSS.framework/Versions/A/GSS
0x0000000116a85000 	/usr/lib/libresolv.9.dylib
0x0000000116ab3000 	/usr/lib/libiconv.2.dylib
0x0000000116bbc000 	/System/Library/PrivateFrameworks/Heimdal.framework/Versions/A/Heimdal
0x0000000116c71000 	/System/Library/Frameworks/OpenDirectory.framework/Versions/A/OpenDirectory
0x0000000116c83000 	/System/Library/PrivateFrameworks/CommonAuth.framework/Versions/A/CommonAuth
0x0000000116c97000 	/System/Library/Frameworks/CoreVideo.framework/Versions/A/CoreVideo
0x0000000116cda000 	/System/Library/Frameworks/QuartzCore.framework/Versions/A/Frameworks/CoreImage.framework/Versions/A/CoreImage
0x000000011703d000 	/System/Library/Frameworks/QuartzCore.framework/Versions/A/Frameworks/ScalableUserInterface.framework/Versions/A/ScalableUserInterface
0x00000001170bd000 	/System/Library/Frameworks/OpenGL.framework/Versions/A/Libraries/libGLU.dylib
0x000000011711f000 	/System/Library/Frameworks/OpenGL.framework/Versions/A/Libraries/libGFXShared.dylib
0x0000000117131000 	/System/Library/Frameworks/OpenGL.framework/Versions/A/Libraries/libGL.dylib
0x000000011715a000 	/System/Library/Frameworks/OpenGL.framework/Versions/A/Libraries/libGLImage.dylib
0x00000001171a5000 	/System/Library/Frameworks/OpenGL.framework/Versions/A/Libraries/libCVMSPluginSupport.dylib
0x00000001171ac000 	/System/Library/Frameworks/OpenGL.framework/Versions/A/Libraries/libCoreVMClient.dylib
0x00000001171b6000 	/System/Library/Frameworks/OpenCL.framework/Versions/A/OpenCL
0x0000000117229000 	/System/Library/PrivateFrameworks/FaceCoreLight.framework/Versions/A/FaceCoreLight
0x0000000117b1b000 	/System/Library/Frameworks/vecLib.framework/Versions/A/vecLib
0x0000000117b1e000 	/System/Library/Frameworks/SecurityFoundation.framework/Versions/A/SecurityFoundation
0x0000000117c12000 	/System/Library/PrivateFrameworks/CommerceKit.framework/Versions/A/Frameworks/CommerceCore.framework/Versions/A/CommerceCore
0x0000000117c22000 	/System/Library/PrivateFrameworks/CoreSymbolication.framework/Versions/A/CoreSymbolication
0x0000000117cd8000 	/System/Library/PrivateFrameworks/Symbolication.framework/Versions/A/Symbolication
0x0000000117d7e000 	/System/Library/PrivateFrameworks/DebugSymbols.framework/Versions/A/DebugSymbols
0x0000000117fad000 	/Library/Java/JavaVirtualMachines/1.7.0.jdk/Contents/Home/jre/lib/server/libjvm.dylib
0x0000000118b50000 	/Library/Java/JavaVirtualMachines/1.7.0.jdk/Contents/Home/jre/lib/libverify.dylib
0x0000000118b5d000 	/Library/Java/JavaVirtualMachines/1.7.0.jdk/Contents/Home/jre/lib/libjava.dylib
0x0000000118b95000 	/Library/Java/JavaVirtualMachines/1.7.0.jdk/Contents/Home/jre/lib/libzip.dylib
0x000000012131d000 	/System/Library/Frameworks/JavaVM.framework/Frameworks/JavaRuntimeSupport.framework/JavaRuntimeSupport
0x0000000121335000 	/System/Library/Frameworks/JavaVM.framework/Versions/A/Frameworks/JavaNativeFoundation.framework/Versions/A/JavaNativeFoundation
0x000000012134a000 	/System/Library/Frameworks/JavaVM.framework/Versions/A/JavaVM
0x000000011019c000 	/System/Library/Frameworks/Carbon.framework/Versions/A/Carbon
0x0000000121357000 	/System/Library/PrivateFrameworks/JavaLaunching.framework/Versions/A/JavaLaunching
0x0000000121363000 	/System/Library/Frameworks/Carbon.framework/Versions/A/Frameworks/CommonPanels.framework/Versions/A/CommonPanels
0x000000012136e000 	/System/Library/Frameworks/Carbon.framework/Versions/A/Frameworks/Help.framework/Versions/A/Help
0x0000000121377000 	/System/Library/Frameworks/Carbon.framework/Versions/A/Frameworks/ImageCapture.framework/Versions/A/ImageCapture
0x00000001213a7000 	/System/Library/Frameworks/Carbon.framework/Versions/A/Frameworks/OpenScripting.framework/Versions/A/OpenScripting
0x00000000ab7f2000 	/System/Library/Frameworks/Carbon.framework/Versions/A/Frameworks/Print.framework/Versions/A/Print
0x00000001213d6000 	/System/Library/Frameworks/Carbon.framework/Versions/A/Frameworks/SecurityHI.framework/Versions/A/SecurityHI
0x0000000121b2c000 	/Library/Java/JavaVirtualMachines/1.7.0.jdk/Contents/Home/jre/lib/libawt.dylib
0x0000000121bdb000 	/Library/Java/JavaVirtualMachines/1.7.0.jdk/Contents/Home/jre/lib/./libmlib_image.dylib
0x0000000121ca7000 	/Library/Java/JavaVirtualMachines/1.7.0.jdk/Contents/Home/jre/lib/lwawt/liblwawt.dylib
0x0000000121d54000 	/Library/Java/JavaVirtualMachines/1.7.0.jdk/Contents/Home/jre/lib/server/../libosxapp.dylib
0x0000000112bd6000 	/System/Library/Frameworks/ExceptionHandling.framework/Versions/A/ExceptionHandling
0x0000000122e50000 	/System/Library/PrivateFrameworks/CoreServicesInternal.framework/CoreServicesInternal
0x0000000122e96000 	/System/Library/Frameworks/ApplicationServices.framework/Versions/A/Frameworks/CoreGraphics.framework/Versions/A/Resources/libCSync.A.dylib
0x0000000123986000 	/System/Library/CoreServices/RawCamera.bundle/Contents/MacOS/RawCamera
0x0000000122ef0000 	/System/Library/Frameworks/ApplicationServices.framework/Versions/A/Frameworks/CoreGraphics.framework/Versions/A/Resources/libRIP.A.dylib
0x0000000122f55000 	/System/Library/Frameworks/ApplicationServices.framework/Versions/A/Frameworks/CoreGraphics.framework/Versions/A/Resources/libCGXType.A.dylib
0x0000000122ecd000 	/System/Library/PrivateFrameworks/CrashReporterSupport.framework/Versions/A/CrashReporterSupport
0x0000000123f14000 	/Library/Java/JavaVirtualMachines/1.7.0.jdk/Contents/Home/jre/lib/libfontmanager.dylib
0x0000000124944000 	/Users/user/Desktop/PcBackup/Temp/LWJGLGaymes/TheZordzman/lib/native/macosx/liblwjgl.jnilib
0x000000011323e000 	/Library/Java/JavaVirtualMachines/1.7.0.jdk/Contents/Home/jre/lib/server/../libjawt.dylib
0x00000001249bf000 	/System/Library/Frameworks/OpenGL.framework/Resources/GLEngine.bundle/GLEngine
0x0000000124bae000 	/System/Library/Frameworks/OpenGL.framework/Versions/A/Libraries/libGLProgrammability.dylib
0x0000000124d3a000 	/System/Library/Extensions/ATIRadeonX3000GLDriver.bundle/Contents/MacOS/ATIRadeonX3000GLDriver
0x0000000123f60000 	/System/Library/PrivateFrameworks/GPUSupport.framework/Versions/A/Libraries/libGPUSupport.dylib
0x000000012504a000 	/System/Library/Frameworks/OpenGL.framework/Resources//GLRendererFloat.bundle/GLRendererFloat
0x0000000122f60000 	/System/Library/Frameworks/OpenCL.framework/Versions/A/Libraries/libcldcpuengine.dylib
0x0000000125081000 	/System/Library/PrivateFrameworks/DiskImages.framework/Versions/A/DiskImages
0x0000000113737000 	/System/Library/Frameworks/OpenGL.framework/Versions/A/Libraries/libCoreFSCache.dylib
0x00000001251d8000 	/System/Library/Frameworks/DiscRecording.framework/Versions/A/DiscRecording
0x0000000125316000 	/usr/lib/libcurl.4.dylib
0x000000012536b000 	/System/Library/PrivateFrameworks/MediaKit.framework/Versions/A/MediaKit
0x00000001253c2000 	/usr/lib/libssl.0.9.8.dylib
0x0000000125414000 	/System/Library/Frameworks/LDAP.framework/Versions/A/LDAP
0x0000000123f75000 	/usr/lib/libsasl2.2.dylib
0x0000000125a64000 	/Library/Java/JavaVirtualMachines/1.7.0.jdk/Contents/Home/jre/lib/libnio.dylib
0x0000000125a73000 	/Library/Java/JavaVirtualMachines/1.7.0.jdk/Contents/Home/jre/lib/./libnet.dylib

VM Arguments:
jvm_args: -Djava.library.path=/Users/user/Desktop/PcBackup/Temp/LWJGLGaymes/TheZordzman/lib/native/macosx -Dfile.encoding=MacRoman 
java_command: zordz.Zordz
Launcher Type: SUN_STANDARD

Environment Variables:
PATH=/usr/bin:/bin:/usr/sbin:/sbin
SHELL=/bin/bash
DISPLAY=/tmp/launch-E3KDTv/org.x:0

Signal Handlers:
SIGSEGV: [libjvm.dylib+0x4a177d], sa_mask[0]=0xfffefeff, sa_flags=0x00000042
SIGBUS: [libjvm.dylib+0x4a177d], sa_mask[0]=0xfffefeff, sa_flags=0x00000042
SIGFPE: [libjvm.dylib+0x3b1541], sa_mask[0]=0xfffefeff, sa_flags=0x00000042
SIGPIPE: [libjvm.dylib+0x3b1541], sa_mask[0]=0xfffefeff, sa_flags=0x00000042
SIGXFSZ: [libjvm.dylib+0x3b1541], sa_mask[0]=0xfffefeff, sa_flags=0x00000042
SIGILL: [libjvm.dylib+0x3b1541], sa_mask[0]=0xfffefeff, sa_flags=0x00000042
SIGUSR1: SIG_DFL, sa_mask[0]=0x00000000, sa_flags=0x00000002
SIGUSR2: [libjvm.dylib+0x3b10ce], sa_mask[0]=0x00000004, sa_flags=0x00000042
SIGHUP: [libjvm.dylib+0x3af2f3], sa_mask[0]=0xfffefeff, sa_flags=0x00000042
SIGINT: [libjvm.dylib+0x3af2f3], sa_mask[0]=0xfffefeff, sa_flags=0x00000042
SIGTERM: [libjvm.dylib+0x3af2f3], sa_mask[0]=0xfffefeff, sa_flags=0x00000042
SIGQUIT: [libjvm.dylib+0x3af2f3], sa_mask[0]=0xfffefeff, sa_flags=0x00000042


---------------  S Y S T E M  ---------------

OS:Bsd
uname:Darwin 11.4.2 Darwin Kernel Version 11.4.2: Thu Aug 23 16:25:48 PDT 2012; root:xnu-1699.32.7~1/RELEASE_X86_64 x86_64
rlimit: STACK 8192k, CORE 0k, NPROC 709, NOFILE 10240
CPU:total 4 (4 cores per cpu, 1 threads per core) family 6 model 42 stepping 7, cmov, cx8, fxsr, mmx, sse, sse2, sse3, ssse3, sse4.1, sse4.2, popcnt, avx, tsc, tscinvbit

Memory: 4k page, physical 5621424k(1405356k free)

/proc/meminfo:


vm_info: Java HotSpot(TM) 64-Bit Server VM (23.0-b21) for bsd-amd64 JRE (1.7.0_04-b21), built on Apr 19 2012 22:33:17 by "java_re" with gcc 4.2.1 (Based on Apple Inc. build 5658) (LLVM build 2336.1.00)

time: Sun Nov  3 13:38:29 2013
elapsed time: 4 seconds

