#
# A fatal error has been detected by the Java Runtime Environment:
#
#  SIGSEGV (0xb) at pc=0x0000000000000000, pid=465, tid=4658860032
#
# JRE version: 7.0_04-b21
# Java VM: Java HotSpot(TM) 64-Bit Server VM (23.0-b21 mixed mode bsd-amd64 compressed oops)
# Problematic frame:
# C  0x0000000000000000
#
# Failed to write core dump. Core dumps have been disabled. To enable core dumping, try "ulimit -c unlimited" before starting Java again
#
# If you would like to submit a bug report, please visit:
#   http://bugreport.sun.com/bugreport/crash.jsp
# The crash happened outside the Java Virtual Machine in native code.
# See problematic frame for where to report the bug.
#

---------------  T H R E A D  ---------------

Current thread (0x00007fcacc001800):  JavaThread "main" [_thread_in_native, id=363892736, stack(0x0000000115a09000,0x0000000115b09000)]

siginfo:si_signo=SIGSEGV: si_errno=0, si_code=1 (SEGV_MAPERR), si_addr=0x0000000000000000

Registers:
RAX=0x0000000123355eb0, RBX=0x00000007a57e7d28, RCX=0x0000000000000000, RDX=0x0000000000000001
RSP=0x0000000115b07fb8, RBP=0x0000000115b07fd0, RSI=0x0000000115b07fcc, RDI=0x0000000000000001
R8 =0x00000000ffffffff, R9 =0x0000000000000000, R10=0x0000000115b6af64, R11=0x000000011536b1a3
R12=0x0000000000000000, R13=0x00000007a57e7d28, R14=0x0000000115b08048, R15=0x00007fcacc001800
RIP=0x0000000000000000, EFLAGS=0x0000000000010206, ERR=0x0000000000000014
  TRAPNO=0x000000000000000e

Top of Stack: (sp=0x0000000115b07fb8)
0x0000000115b07fb8:   0000000123355ec4 0000000115b08028
0x0000000115b07fc8:   0000000115b6ae29 0000000115b08028
0x0000000115b07fd8:   0000000115b6af90 00000007a57a3298
0x0000000115b07fe8:   0000000115b07fe8 00000007a57e7d28
0x0000000115b07ff8:   0000000115b08048 00000007a57e9a90
0x0000000115b08008:   0000000000000000 00000007a57e7d28
0x0000000115b08018:   0000000000000000 0000000115b08048
0x0000000115b08028:   0000000115b08090 0000000115b5f2d4
0x0000000115b08038:   00000007e3ce2538 0000000115b67dd6
0x0000000115b08048:   0000000000000001 0000000115b08050
0x0000000115b08058:   00000007a57e7c39 0000000115b080a0
0x0000000115b08068:   00000007a57e9a90 0000000000000000
0x0000000115b08078:   00000007a57e7c58 0000000115b08048
0x0000000115b08088:   0000000115b080a8 0000000115b080e8
0x0000000115b08098:   0000000115b5f2d4 0000000000000000
0x0000000115b080a8:   0000000115b080a8 00000007a579b3cd
0x0000000115b080b8:   0000000115b08118 00000007a579b8f8
0x0000000115b080c8:   0000000000000000 00000007a579b458
0x0000000115b080d8:   0000000115b080a8 0000000115b08110
0x0000000115b080e8:   0000000115b08160 0000000115b5f333
0x0000000115b080f8:   0000000000000000 0000000000000000
0x0000000115b08108:   00000007e3cd5708 0000000000000000
0x0000000115b08118:   00000007e3c9ded0 0000000115b08120
0x0000000115b08128:   00000007a57a167c 0000000115b08168
0x0000000115b08138:   00000007a57a1a78 0000000000000000
0x0000000115b08148:   00000007a57a1690 0000000115b08110
0x0000000115b08158:   0000000115b08170 0000000115b081d0
0x0000000115b08168:   0000000115b594f7 0000000100001fa2
0x0000000115b08178:   0000000000000000 00007fcacc001800
0x0000000115b08188:   0000000115b5946f 000000000000000a
0x0000000115b08198:   00007fcaca6047d0 0000000115b08240
0x0000000115b081a8:   0000000115b082f0 000000000000000a 

Instructions: (pc=0x0000000000000000)
0xffffffffffffffe0:   

Register to memory mapping:

RAX=0x0000000123355eb0: Java_org_lwjgl_openal_AL10_nalGenBuffers2+0 in /Users/user/Desktop/PcBackup/Temp/LWJGLGaymes/TheZordzman/lib/native/macosx/liblwjgl.jnilib at 0x0000000123353000
RBX=0x00000007a57e7d28 is an oop
{method} 
 - klass: {other class}
RCX=0x0000000000000000 is an unknown value
RDX=0x0000000000000001 is an unknown value
RSP=0x0000000115b07fb8 is pointing into the stack for thread: 0x00007fcacc001800
RBP=0x0000000115b07fd0 is pointing into the stack for thread: 0x00007fcacc001800
RSI=0x0000000115b07fcc is pointing into the stack for thread: 0x00007fcacc001800
RDI=0x0000000000000001 is an unknown value
R8 =0x00000000ffffffff is an unknown value
R9 =0x0000000000000000 is an unknown value
R10=0x0000000115b6af64 is an Interpreter codelet
method entry point (kind = native)  [0x0000000115b6ad00, 0x0000000115b6b540]  2112 bytes
R11=0x000000011536b1a3: throw_unsatisfied_link_error+0 in /Library/Java/JavaVirtualMachines/1.7.0.jdk/Contents/Home/jre/lib/server/libjvm.dylib at 0x0000000114f68000
R12=0x0000000000000000 is an unknown value
R13=0x00000007a57e7d28 is an oop
{method} 
 - klass: {other class}
R14=0x0000000115b08048 is pointing into the stack for thread: 0x00007fcacc001800
R15=0x00007fcacc001800 is a thread


Stack: [0x0000000115a09000,0x0000000115b09000],  sp=0x0000000115b07fb8,  free space=1019k
Java frames: (J=compiled Java code, j=interpreted, Vv=VM code)
j  org.lwjgl.openal.AL10.nalGenBuffers2(I)I+0
j  org.lwjgl.openal.AL10.alGenBuffers()I+1
j  zordz.util.SoundPlayer.newSound(Ljava/lang/String;I)Lzordz/util/Sound;+29
j  zordz.util.Sound.<clinit>()V+12
v  ~StubRoutines::call_stub
j  zordz.state.TitleState.tick()V+17
j  zordz.Screen.update()V+7
j  zordz.Zordz.run()V+14
j  zordz.Zordz.start()V+5
j  zordz.Zordz.main([Ljava/lang/String;)V+7
v  ~StubRoutines::call_stub

---------------  P R O C E S S  ---------------

Java Threads: ( => current thread )
  0x00007fcaca83c000 JavaThread "AWT-Shutdown" [_thread_blocked, id=518025216, stack(0x000000011ed07000,0x000000011ee07000)]
  0x00007fcaca891800 JavaThread "AppKit Thread" daemon [_thread_in_native, id=277817696, stack(0x00007fff6c112000,0x00007fff6c912000)]
  0x00007fcacb82a800 JavaThread "Service Thread" daemon [_thread_blocked, id=513114112, stack(0x000000011e858000,0x000000011e958000)]
  0x00007fcacb829800 JavaThread "C2 CompilerThread1" daemon [_thread_in_native, id=512053248, stack(0x000000011e755000,0x000000011e855000)]
  0x00007fcacb828000 JavaThread "C2 CompilerThread0" daemon [_thread_blocked, id=510992384, stack(0x000000011e652000,0x000000011e752000)]
  0x00007fcacb827000 JavaThread "Signal Dispatcher" daemon [_thread_blocked, id=509931520, stack(0x000000011e54f000,0x000000011e64f000)]
  0x00007fcacc056800 JavaThread "Finalizer" daemon [_thread_blocked, id=506204160, stack(0x000000011e1c1000,0x000000011e2c1000)]
  0x00007fcacc056000 JavaThread "Reference Handler" daemon [_thread_blocked, id=505143296, stack(0x000000011e0be000,0x000000011e1be000)]
=>0x00007fcacc001800 JavaThread "main" [_thread_in_native, id=363892736, stack(0x0000000115a09000,0x0000000115b09000)]

Other Threads:
  0x00007fcacc053000 VMThread [stack: 0x000000011dfbb000,0x000000011e0bb000] [id=504082432]
  0x00007fcacb822800 WatcherThread [stack: 0x000000011e95b000,0x000000011ea5b000] [id=514174976]

VM state:not at safepoint (normal execution)

VM Mutex/Monitor currently owned by a thread: None

Heap
 PSYoungGen      total 25600K, used 6417K [0x00000007e36b0000, 0x00000007e5340000, 0x0000000800000000)
  eden space 21952K, 29% used [0x00000007e36b0000,0x00000007e3cf4618,0x00000007e4c20000)
  from space 3648K, 0% used [0x00000007e4fb0000,0x00000007e4fb0000,0x00000007e5340000)
  to   space 3648K, 0% used [0x00000007e4c20000,0x00000007e4c20000,0x00000007e4fb0000)
 ParOldGen       total 58560K, used 0K [0x00000007aa400000, 0x00000007add30000, 0x00000007e36b0000)
  object space 58560K, 0% used [0x00000007aa400000,0x00000007aa400000,0x00000007add30000)
 PSPermGen       total 21248K, used 6056K [0x00000007a5200000, 0x00000007a66c0000, 0x00000007aa400000)
  object space 21248K, 28% used [0x00000007a5200000,0x00000007a57ea3b0,0x00000007a66c0000)

Code Cache  [0x0000000115b59000, 0x0000000115dc9000, 0x0000000118b59000)
 total_blobs=387 nmethods=70 adapters=270 free_code_cache=48611Kb largest_free_block=49756736

Compilation events (10 events):
Event: 4.325 Thread 0x00007fcacb829800   65             java.nio.Bits::getShortL (16 bytes)
Event: 4.326 Thread 0x00007fcacb829800 nmethod 65 0x0000000115bd8190 code [0x0000000115bd82e0, 0x0000000115bd83d8]
Event: 4.326 Thread 0x00007fcacb829800   66             java.nio.Bits::makeShort (12 bytes)
Event: 4.326 Thread 0x00007fcacb828000 nmethod 63 0x0000000115bdbe10 code [0x0000000115bdbf60, 0x0000000115bdc0d8]
Event: 4.326 Thread 0x00007fcacb829800 nmethod 66 0x0000000115bdbbd0 code [0x0000000115bdbd00, 0x0000000115bdbd58]
Event: 4.326 Thread 0x00007fcacb829800   68             java.nio.DirectShortBufferU::ix (10 bytes)
Event: 4.326 Thread 0x00007fcacb828000   67             java.nio.DirectShortBufferU::put (17 bytes)
Event: 4.326 Thread 0x00007fcacb829800 nmethod 68 0x0000000115be3e90 code [0x0000000115be3fc0, 0x0000000115be4038]
Event: 4.327 Thread 0x00007fcacb828000 nmethod 67 0x0000000115bdeb10 code [0x0000000115bdec40, 0x0000000115bdecd8]
Event: 4.327 Thread 0x00007fcacb829800    2 %           org.lwjgl.util.WaveData::convertAudioBytes @ 43 (94 bytes)

GC Heap History (0 events):
No events

Deoptimization events (0 events):
No events

Internal exceptions (10 events):
Event: 3.102 Thread 0x00007fcacc001800 Threw 0x00000007e3c78ed0 at /HUDSON/workspace/jdk7u4-2-build-macosx-x86_64-product/jdk7u4/hotspot/src/share/vm/prims/jvm.cpp:1166
Event: 3.102 Thread 0x00007fcacc001800 Threw 0x00000007e3c7bcc8 at /HUDSON/workspace/jdk7u4-2-build-macosx-x86_64-product/jdk7u4/hotspot/src/share/vm/prims/jvm.cpp:1166
Event: 3.103 Thread 0x00007fcacc001800 Threw 0x00000007e3c7eca8 at /HUDSON/workspace/jdk7u4-2-build-macosx-x86_64-product/jdk7u4/hotspot/src/share/vm/prims/jvm.cpp:1166
Event: 3.104 Thread 0x00007fcacc001800 Threw 0x00000007e3c86d68 at /HUDSON/workspace/jdk7u4-2-build-macosx-x86_64-product/jdk7u4/hotspot/src/share/vm/prims/jvm.cpp:1166
Event: 3.109 Thread 0x00007fcacc001800 Threw 0x00000007e3c89ad8 at /HUDSON/workspace/jdk7u4-2-build-macosx-x86_64-product/jdk7u4/hotspot/src/share/vm/prims/jvm.cpp:1166
Event: 3.111 Thread 0x00007fcacc001800 Threw 0x00000007e3c8c7a8 at /HUDSON/workspace/jdk7u4-2-build-macosx-x86_64-product/jdk7u4/hotspot/src/share/vm/prims/jvm.cpp:1166
Event: 3.112 Thread 0x00007fcacc001800 Threw 0x00000007e3c92a60 at /HUDSON/workspace/jdk7u4-2-build-macosx-x86_64-product/jdk7u4/hotspot/src/share/vm/prims/jvm.cpp:1166
Event: 4.313 Thread 0x00007fcacc001800 Threw 0x00000007e3c9c790 at /HUDSON/workspace/jdk7u4-2-build-macosx-x86_64-product/jdk7u4/hotspot/src/share/vm/prims/jvm.cpp:1166
Event: 4.313 Thread 0x00007fcacc001800 Threw 0x00000007e3ca13a0 at /HUDSON/workspace/jdk7u4-2-build-macosx-x86_64-product/jdk7u4/hotspot/src/share/vm/prims/jvm.cpp:1166
Event: 4.327 Thread 0x00007fcacc001800 Threw 0x00000007e3cd6a28 at /HUDSON/workspace/jdk7u4-2-build-macosx-x86_64-product/jdk7u4/hotspot/src/share/vm/prims/jvm.cpp:1166

Events (10 events):
Event: 4.319 loading class 0x00007fcaca49ac60 done
Event: 4.319 loading class 0x00007fcaca49de20 done
Event: 4.319 loading class 0x00007fcaca499330
Event: 4.319 loading class 0x00007fcaca499330 done
Event: 4.319 loading class 0x00007fcacb03f300
Event: 4.319 loading class 0x00007fcacb03f300 done
Event: 4.319 loading class 0x00007fcacb01db80
Event: 4.319 loading class 0x00007fcacb01db80 done
Event: 4.327 loading class 0x00007fcaca4962f0
Event: 4.327 loading class 0x00007fcaca4962f0 done


Dynamic libraries:
0x000000010cd28000 	/System/Library/Frameworks/Cocoa.framework/Versions/A/Cocoa
0x000000010cd30000 	/System/Library/Frameworks/Security.framework/Versions/A/Security
0x000000010d149000 	/System/Library/Frameworks/ApplicationServices.framework/Versions/A/ApplicationServices
0x000000010d150000 	/usr/lib/libz.1.dylib
0x000000010d16b000 	/usr/lib/libSystem.B.dylib
0x000000010d1ab000 	/usr/lib/libobjc.A.dylib
0x000000010d2ab000 	/System/Library/Frameworks/CoreFoundation.framework/Versions/A/CoreFoundation
0x000000010d5d2000 	/System/Library/Frameworks/AppKit.framework/Versions/C/AppKit
0x000000010e862000 	/System/Library/Frameworks/CoreData.framework/Versions/A/CoreData
0x000000010eb7b000 	/System/Library/Frameworks/Foundation.framework/Versions/C/Foundation
0x000000010f078000 	/System/Library/PrivateFrameworks/RemoteViewServices.framework/Versions/A/RemoteViewServices
0x000000010f0c3000 	/System/Library/Frameworks/AudioToolbox.framework/Versions/A/AudioToolbox
0x000000010f2a7000 	/System/Library/Frameworks/AudioUnit.framework/Versions/A/AudioUnit
0x000000010f2b0000 	/System/Library/PrivateFrameworks/DataDetectorsCore.framework/Versions/A/DataDetectorsCore
0x000000010f35f000 	/System/Library/PrivateFrameworks/DesktopServicesPriv.framework/Versions/A/DesktopServicesPriv
0x000000010f4d3000 	/System/Library/Frameworks/Carbon.framework/Versions/A/Frameworks/HIToolbox.framework/Versions/A/HIToolbox
0x000000010f946000 	/System/Library/Frameworks/QuartzCore.framework/Versions/A/QuartzCore
0x000000010fb92000 	/System/Library/Frameworks/Carbon.framework/Versions/A/Frameworks/SpeechRecognition.framework/Versions/A/SpeechRecognition
0x000000010fbac000 	/usr/lib/libauto.dylib
0x000000010fc16000 	/usr/lib/libicucore.A.dylib
0x000000010fea7000 	/usr/lib/libxml2.2.dylib
0x000000010ffd6000 	/System/Library/PrivateFrameworks/CoreUI.framework/Versions/A/CoreUI
0x0000000110083000 	/System/Library/Frameworks/CoreAudio.framework/Versions/A/CoreAudio
0x0000000110118000 	/System/Library/Frameworks/DiskArbitration.framework/Versions/A/DiskArbitration
0x0000000110129000 	/usr/lib/liblangid.dylib
0x000000011012e000 	/System/Library/PrivateFrameworks/MultitouchSupport.framework/Versions/A/MultitouchSupport
0x0000000110158000 	/System/Library/Frameworks/IOKit.framework/Versions/A/IOKit
0x00000001101f3000 	/usr/lib/libDiagnosticMessagesClient.dylib
0x00000001101fc000 	/System/Library/Frameworks/CoreServices.framework/Versions/A/CoreServices
0x0000000110202000 	/System/Library/PrivateFrameworks/PerformanceAnalysis.framework/Versions/A/PerformanceAnalysis
0x000000011024b000 	/System/Library/PrivateFrameworks/GenerationalStorage.framework/Versions/A/GenerationalStorage
0x0000000110277000 	/System/Library/Frameworks/OpenGL.framework/Versions/A/OpenGL
0x0000000110295000 	/System/Library/Frameworks/CoreServices.framework/Versions/A/Frameworks/CFNetwork.framework/Versions/A/CFNetwork
0x00000001104a4000 	/System/Library/Frameworks/SystemConfiguration.framework/Versions/A/SystemConfiguration
0x000000011051d000 	/usr/lib/libCRFSuite.dylib
0x000000011053d000 	/usr/lib/libc++.1.dylib
0x0000000110614000 	/usr/lib/libstdc++.6.dylib
0x00000001106ea000 	/usr/lib/libc++abi.dylib
0x0000000110704000 	/usr/lib/system/libcache.dylib
0x0000000110710000 	/usr/lib/system/libcommonCrypto.dylib
0x0000000110761000 	/usr/lib/system/libcompiler_rt.dylib
0x0000000110771000 	/usr/lib/system/libcopyfile.dylib
0x000000011077f000 	/usr/lib/system/libdispatch.dylib
0x000000011079f000 	/usr/lib/system/libdnsinfo.dylib
0x00000001107a8000 	/usr/lib/system/libdyld.dylib
0x00000001107b8000 	/usr/lib/system/libkeymgr.dylib
0x00000001107c2000 	/usr/lib/system/liblaunch.dylib
0x00000001107d9000 	/usr/lib/system/libmacho.dylib
0x00000001107e4000 	/usr/lib/system/libmathCommon.A.dylib
0x00000001107ec000 	/usr/lib/system/libquarantine.dylib
0x00000001107f8000 	/usr/lib/system/libremovefile.dylib
0x00000001107fe000 	/usr/lib/system/libsystem_blocks.dylib
0x000000011080b000 	/usr/lib/system/libsystem_c.dylib
0x0000000110929000 	/usr/lib/system/libsystem_dnssd.dylib
0x000000011093c000 	/usr/lib/system/libsystem_info.dylib
0x000000011098f000 	/usr/lib/system/libsystem_kernel.dylib
0x00000001109c1000 	/usr/lib/system/libsystem_network.dylib
0x00000001109d3000 	/usr/lib/system/libsystem_notify.dylib
0x00000001109e7000 	/usr/lib/system/libsystem_sandbox.dylib
0x00000001109ee000 	/usr/lib/system/libunc.dylib
0x00000001109f9000 	/usr/lib/system/libunwind.dylib
0x0000000110a06000 	/usr/lib/system/libxpc.dylib
0x0000000110a3d000 	/usr/lib/libbsm.0.dylib
0x0000000110a5e000 	/usr/lib/libsqlite3.dylib
0x0000000110b7b000 	/usr/lib/libOpenScriptingUtil.dylib
0x0000000110b80000 	/usr/lib/libpam.2.dylib
0x0000000110b8e000 	/usr/lib/libxar-nossl.dylib
0x0000000110ba6000 	/usr/lib/libbz2.1.0.dylib
0x0000000110bbe000 	/System/Library/Frameworks/CoreServices.framework/Versions/A/Frameworks/CarbonCore.framework/Versions/A/CarbonCore
0x0000000110759000 	/System/Library/Frameworks/CoreServices.framework/Versions/A/Frameworks/Metadata.framework/Versions/A/Metadata
0x0000000111032000 	/System/Library/Frameworks/CoreServices.framework/Versions/A/Frameworks/OSServices.framework/Versions/A/OSServices
0x000000011118f000 	/System/Library/Frameworks/CoreServices.framework/Versions/A/Frameworks/SearchKit.framework/Versions/A/SearchKit
0x0000000111269000 	/System/Library/Frameworks/CoreServices.framework/Versions/A/Frameworks/AE.framework/Versions/A/AE
0x00000001112ca000 	/System/Library/Frameworks/CoreServices.framework/Versions/A/Frameworks/LaunchServices.framework/Versions/A/LaunchServices
0x00000001113bc000 	/System/Library/Frameworks/CoreServices.framework/Versions/A/Frameworks/DictionaryServices.framework/Versions/A/DictionaryServices
0x000000011140b000 	/System/Library/Frameworks/NetFS.framework/Versions/A/NetFS
0x000000011141a000 	/usr/lib/system/libkxld.dylib
0x000000011142e000 	/System/Library/PrivateFrameworks/NetAuth.framework/Versions/A/NetAuth
0x000000011144c000 	/usr/lib/libcrypto.0.9.8.dylib
0x00000001115c6000 	/System/Library/PrivateFrameworks/TrustEvaluationAgent.framework/Versions/A/TrustEvaluationAgent
0x00000001115cf000 	/System/Library/Frameworks/OpenDirectory.framework/Versions/A/Frameworks/CFOpenDirectory.framework/Versions/A/CFOpenDirectory
0x0000000111601000 	/usr/lib/libxslt.1.dylib
0x000000011163e000 	/System/Library/PrivateFrameworks/FamilyControls.framework/Versions/A/FamilyControls
0x0000000111683000 	/System/Library/Frameworks/Carbon.framework/Versions/A/Frameworks/Ink.framework/Versions/A/Ink
0x000000011175c000 	/System/Library/Frameworks/ApplicationServices.framework/Versions/A/Frameworks/CoreGraphics.framework/Versions/A/CoreGraphics
0x0000000112208000 	/System/Library/Frameworks/ApplicationServices.framework/Versions/A/Frameworks/ImageIO.framework/Versions/A/ImageIO
0x0000000112338000 	/System/Library/Frameworks/ApplicationServices.framework/Versions/A/Frameworks/CoreText.framework/Versions/A/CoreText
0x0000000112444000 	/System/Library/Frameworks/ApplicationServices.framework/Versions/A/Frameworks/ATS.framework/Versions/A/ATS
0x00000001124fb000 	/System/Library/Frameworks/ApplicationServices.framework/Versions/A/Frameworks/ColorSync.framework/Versions/A/ColorSync
0x0000000112606000 	/System/Library/Frameworks/ApplicationServices.framework/Versions/A/Frameworks/HIServices.framework/Versions/A/HIServices
0x0000000112695000 	/System/Library/Frameworks/ApplicationServices.framework/Versions/A/Frameworks/LangAnalysis.framework/Versions/A/LangAnalysis
0x00000000185bd000 	/System/Library/Frameworks/ApplicationServices.framework/Versions/A/Frameworks/PrintCore.framework/Versions/A/PrintCore
0x0000000112773000 	/System/Library/Frameworks/ApplicationServices.framework/Versions/A/Frameworks/QD.framework/Versions/A/QD
0x00000001127d1000 	/System/Library/Frameworks/ApplicationServices.framework/Versions/A/Frameworks/SpeechSynthesis.framework/Versions/A/SpeechSynthesis
0x00000001127ff000 	/System/Library/Frameworks/IOSurface.framework/Versions/A/IOSurface
0x0000000112812000 	/System/Library/Frameworks/Accelerate.framework/Versions/A/Accelerate
0x0000000112816000 	/System/Library/Frameworks/ApplicationServices.framework/Versions/A/Frameworks/ImageIO.framework/Versions/A/Resources/libJPEG.dylib
0x0000000112847000 	/System/Library/Frameworks/ApplicationServices.framework/Versions/A/Frameworks/ImageIO.framework/Versions/A/Resources/libTIFF.dylib
0x00000001128b4000 	/System/Library/Frameworks/ApplicationServices.framework/Versions/A/Frameworks/ImageIO.framework/Versions/A/Resources/libPng.dylib
0x00000001128e2000 	/System/Library/Frameworks/ApplicationServices.framework/Versions/A/Frameworks/ImageIO.framework/Versions/A/Resources/libGIF.dylib
0x00000001128f2000 	/System/Library/Frameworks/ApplicationServices.framework/Versions/A/Frameworks/ImageIO.framework/Versions/A/Resources/libJP2.dylib
0x0000000112a35000 	/System/Library/Frameworks/ApplicationServices.framework/Versions/A/Frameworks/ImageIO.framework/Versions/A/Resources/libRadiance.dylib
0x0000000112a41000 	/System/Library/Frameworks/Accelerate.framework/Versions/A/Frameworks/vImage.framework/Versions/A/vImage
0x0000000112b98000 	/System/Library/Frameworks/Accelerate.framework/Versions/A/Frameworks/vecLib.framework/Versions/A/vecLib
0x0000000112b9d000 	/System/Library/Frameworks/Accelerate.framework/Versions/A/Frameworks/vecLib.framework/Versions/A/libvDSP.dylib
0x0000000112c06000 	/System/Library/Frameworks/Accelerate.framework/Versions/A/Frameworks/vecLib.framework/Versions/A/libvMisc.dylib
0x0000000112cac000 	/System/Library/Frameworks/Accelerate.framework/Versions/A/Frameworks/vecLib.framework/Versions/A/libLAPACK.dylib
0x000000011313c000 	/System/Library/Frameworks/Accelerate.framework/Versions/A/Frameworks/vecLib.framework/Versions/A/libBLAS.dylib
0x0000000113767000 	/System/Library/Frameworks/ApplicationServices.framework/Versions/A/Frameworks/ATS.framework/Versions/A/Resources/libFontParser.dylib
0x00000001138cb000 	/System/Library/Frameworks/ApplicationServices.framework/Versions/A/Frameworks/ATS.framework/Versions/A/Resources/libFontRegistry.dylib
0x0000000113947000 	/usr/lib/libcups.2.dylib
0x000000011399e000 	/System/Library/Frameworks/Kerberos.framework/Versions/A/Kerberos
0x00000001139df000 	/System/Library/Frameworks/GSS.framework/Versions/A/GSS
0x0000000113a2a000 	/usr/lib/libresolv.9.dylib
0x0000000113a59000 	/usr/lib/libiconv.2.dylib
0x0000000113b61000 	/System/Library/PrivateFrameworks/Heimdal.framework/Versions/A/Heimdal
0x0000000113c11000 	/System/Library/Frameworks/OpenDirectory.framework/Versions/A/OpenDirectory
0x0000000113c1f000 	/System/Library/PrivateFrameworks/CommonAuth.framework/Versions/A/CommonAuth
0x0000000113c38000 	/System/Library/Frameworks/CoreVideo.framework/Versions/A/CoreVideo
0x0000000113c7c000 	/System/Library/Frameworks/QuartzCore.framework/Versions/A/Frameworks/CoreImage.framework/Versions/A/CoreImage
0x0000000113fde000 	/System/Library/Frameworks/QuartzCore.framework/Versions/A/Frameworks/ScalableUserInterface.framework/Versions/A/ScalableUserInterface
0x000000011405d000 	/System/Library/Frameworks/OpenGL.framework/Versions/A/Libraries/libGLU.dylib
0x00000001140c4000 	/System/Library/Frameworks/OpenGL.framework/Versions/A/Libraries/libGFXShared.dylib
0x00000001140d3000 	/System/Library/Frameworks/OpenGL.framework/Versions/A/Libraries/libGL.dylib
0x00000001140fb000 	/System/Library/Frameworks/OpenGL.framework/Versions/A/Libraries/libGLImage.dylib
0x0000000114149000 	/System/Library/Frameworks/OpenGL.framework/Versions/A/Libraries/libCVMSPluginSupport.dylib
0x0000000114154000 	/System/Library/Frameworks/OpenGL.framework/Versions/A/Libraries/libCoreVMClient.dylib
0x0000000114160000 	/System/Library/Frameworks/OpenCL.framework/Versions/A/OpenCL
0x00000001141d1000 	/System/Library/PrivateFrameworks/FaceCoreLight.framework/Versions/A/FaceCoreLight
0x0000000114ac3000 	/System/Library/Frameworks/vecLib.framework/Versions/A/vecLib
0x0000000114acc000 	/System/Library/Frameworks/SecurityFoundation.framework/Versions/A/SecurityFoundation
0x0000000114bc3000 	/System/Library/PrivateFrameworks/CommerceKit.framework/Versions/A/Frameworks/CommerceCore.framework/Versions/A/CommerceCore
0x0000000114bd9000 	/System/Library/PrivateFrameworks/CoreSymbolication.framework/Versions/A/CoreSymbolication
0x0000000114c96000 	/System/Library/PrivateFrameworks/Symbolication.framework/Versions/A/Symbolication
0x0000000114d39000 	/System/Library/PrivateFrameworks/DebugSymbols.framework/Versions/A/DebugSymbols
0x0000000114f68000 	/Library/Java/JavaVirtualMachines/1.7.0.jdk/Contents/Home/jre/lib/server/libjvm.dylib
0x0000000115b0b000 	/Library/Java/JavaVirtualMachines/1.7.0.jdk/Contents/Home/jre/lib/libverify.dylib
0x0000000115b18000 	/Library/Java/JavaVirtualMachines/1.7.0.jdk/Contents/Home/jre/lib/libjava.dylib
0x0000000115b50000 	/Library/Java/JavaVirtualMachines/1.7.0.jdk/Contents/Home/jre/lib/libzip.dylib
0x000000011e2c3000 	/System/Library/Frameworks/JavaVM.framework/Frameworks/JavaRuntimeSupport.framework/JavaRuntimeSupport
0x000000011e2db000 	/System/Library/Frameworks/JavaVM.framework/Versions/A/Frameworks/JavaNativeFoundation.framework/Versions/A/JavaNativeFoundation
0x000000011e2f0000 	/System/Library/Frameworks/JavaVM.framework/Versions/A/JavaVM
0x000000010d145000 	/System/Library/Frameworks/Carbon.framework/Versions/A/Carbon
0x000000011e2fd000 	/System/Library/PrivateFrameworks/JavaLaunching.framework/Versions/A/JavaLaunching
0x000000011e309000 	/System/Library/Frameworks/Carbon.framework/Versions/A/Frameworks/CommonPanels.framework/Versions/A/CommonPanels
0x000000011e314000 	/System/Library/Frameworks/Carbon.framework/Versions/A/Frameworks/Help.framework/Versions/A/Help
0x000000011e31d000 	/System/Library/Frameworks/Carbon.framework/Versions/A/Frameworks/ImageCapture.framework/Versions/A/ImageCapture
0x000000011e34d000 	/System/Library/Frameworks/Carbon.framework/Versions/A/Frameworks/OpenScripting.framework/Versions/A/OpenScripting
0x00000000ab78e000 	/System/Library/Frameworks/Carbon.framework/Versions/A/Frameworks/Print.framework/Versions/A/Print
0x000000011e37c000 	/System/Library/Frameworks/Carbon.framework/Versions/A/Frameworks/SecurityHI.framework/Versions/A/SecurityHI
0x000000011ead2000 	/Library/Java/JavaVirtualMachines/1.7.0.jdk/Contents/Home/jre/lib/libawt.dylib
0x000000011eb81000 	/Library/Java/JavaVirtualMachines/1.7.0.jdk/Contents/Home/jre/lib/./libmlib_image.dylib
0x000000011ec4d000 	/Library/Java/JavaVirtualMachines/1.7.0.jdk/Contents/Home/jre/lib/lwawt/liblwawt.dylib
0x000000011ecfa000 	/Library/Java/JavaVirtualMachines/1.7.0.jdk/Contents/Home/jre/lib/server/../libosxapp.dylib
0x0000000110804000 	/System/Library/Frameworks/ExceptionHandling.framework/Versions/A/ExceptionHandling
0x000000011fdf6000 	/System/Library/PrivateFrameworks/CoreServicesInternal.framework/CoreServicesInternal
0x000000011fe3c000 	/System/Library/Frameworks/ApplicationServices.framework/Versions/A/Frameworks/CoreGraphics.framework/Versions/A/Resources/libCSync.A.dylib
0x000000012092c000 	/System/Library/CoreServices/RawCamera.bundle/Contents/MacOS/RawCamera
0x000000011fe96000 	/System/Library/Frameworks/ApplicationServices.framework/Versions/A/Frameworks/CoreGraphics.framework/Versions/A/Resources/libRIP.A.dylib
0x000000011fefb000 	/System/Library/Frameworks/ApplicationServices.framework/Versions/A/Frameworks/CoreGraphics.framework/Versions/A/Resources/libCGXType.A.dylib
0x000000011fe73000 	/System/Library/PrivateFrameworks/CrashReporterSupport.framework/Versions/A/CrashReporterSupport
0x0000000123307000 	/Library/Java/JavaVirtualMachines/1.7.0.jdk/Contents/Home/jre/lib/libfontmanager.dylib
0x0000000123353000 	/Users/user/Desktop/PcBackup/Temp/LWJGLGaymes/TheZordzman/lib/native/macosx/liblwjgl.jnilib
0x000000010ffd3000 	/Library/Java/JavaVirtualMachines/1.7.0.jdk/Contents/Home/jre/lib/server/../libjawt.dylib
0x00000001233ce000 	/System/Library/Frameworks/OpenGL.framework/Resources/GLEngine.bundle/GLEngine
0x00000001235bd000 	/System/Library/Frameworks/OpenGL.framework/Versions/A/Libraries/libGLProgrammability.dylib
0x0000000123749000 	/System/Library/Extensions/ATIRadeonX3000GLDriver.bundle/Contents/MacOS/ATIRadeonX3000GLDriver
0x0000000120e60000 	/System/Library/PrivateFrameworks/GPUSupport.framework/Versions/A/Libraries/libGPUSupport.dylib
0x0000000120e75000 	/System/Library/Frameworks/OpenGL.framework/Resources//GLRendererFloat.bundle/GLRendererFloat
0x0000000120eac000 	/System/Library/Frameworks/OpenCL.framework/Versions/A/Libraries/libcldcpuengine.dylib
0x0000000123a59000 	/System/Library/PrivateFrameworks/DiskImages.framework/Versions/A/DiskImages
0x00000001112c3000 	/System/Library/Frameworks/OpenGL.framework/Versions/A/Libraries/libCoreFSCache.dylib
0x0000000123bb0000 	/System/Library/Frameworks/DiscRecording.framework/Versions/A/DiscRecording
0x0000000123cee000 	/usr/lib/libcurl.4.dylib
0x0000000123d43000 	/System/Library/PrivateFrameworks/MediaKit.framework/Versions/A/MediaKit
0x0000000123d9a000 	/usr/lib/libssl.0.9.8.dylib
0x0000000120eee000 	/System/Library/Frameworks/LDAP.framework/Versions/A/LDAP
0x0000000120ebc000 	/usr/lib/libsasl2.2.dylib
0x0000000123f4f000 	/Library/Java/JavaVirtualMachines/1.7.0.jdk/Contents/Home/jre/lib/libnio.dylib
0x0000000123f5e000 	/Library/Java/JavaVirtualMachines/1.7.0.jdk/Contents/Home/jre/lib/./libnet.dylib

VM Arguments:
jvm_args: -Djava.library.path=/Users/user/Desktop/PcBackup/Temp/LWJGLGaymes/TheZordzman/lib/native/macosx -Dfile.encoding=MacRoman 
java_command: zordz.Zordz
Launcher Type: SUN_STANDARD

Environment Variables:
PATH=/usr/bin:/bin:/usr/sbin:/sbin
SHELL=/bin/bash
DISPLAY=/tmp/launch-E3KDTv/org.x:0

Signal Handlers:
SIGSEGV: [libjvm.dylib+0x4a177d], sa_mask[0]=0xfffefeff, sa_flags=0x00000042
SIGBUS: [libjvm.dylib+0x4a177d], sa_mask[0]=0xfffefeff, sa_flags=0x00000042
SIGFPE: [libjvm.dylib+0x3b1541], sa_mask[0]=0xfffefeff, sa_flags=0x00000042
SIGPIPE: [libjvm.dylib+0x3b1541], sa_mask[0]=0xfffefeff, sa_flags=0x00000042
SIGXFSZ: [libjvm.dylib+0x3b1541], sa_mask[0]=0xfffefeff, sa_flags=0x00000042
SIGILL: [libjvm.dylib+0x3b1541], sa_mask[0]=0xfffefeff, sa_flags=0x00000042
SIGUSR1: SIG_DFL, sa_mask[0]=0x00000000, sa_flags=0x00000002
SIGUSR2: [libjvm.dylib+0x3b10ce], sa_mask[0]=0x00000004, sa_flags=0x00000042
SIGHUP: [libjvm.dylib+0x3af2f3], sa_mask[0]=0xfffefeff, sa_flags=0x00000042
SIGINT: [libjvm.dylib+0x3af2f3], sa_mask[0]=0xfffefeff, sa_flags=0x00000042
SIGTERM: [libjvm.dylib+0x3af2f3], sa_mask[0]=0xfffefeff, sa_flags=0x00000042
SIGQUIT: [libjvm.dylib+0x3af2f3], sa_mask[0]=0xfffefeff, sa_flags=0x00000042


---------------  S Y S T E M  ---------------

OS:Bsd
uname:Darwin 11.4.2 Darwin Kernel Version 11.4.2: Thu Aug 23 16:25:48 PDT 2012; root:xnu-1699.32.7~1/RELEASE_X86_64 x86_64
rlimit: STACK 8192k, CORE 0k, NPROC 709, NOFILE 10240
CPU:total 4 (4 cores per cpu, 1 threads per core) family 6 model 42 stepping 7, cmov, cx8, fxsr, mmx, sse, sse2, sse3, ssse3, sse4.1, sse4.2, popcnt, avx, tsc, tscinvbit

Memory: 4k page, physical 5618364k(1404591k free)

/proc/meminfo:


vm_info: Java HotSpot(TM) 64-Bit Server VM (23.0-b21) for bsd-amd64 JRE (1.7.0_04-b21), built on Apr 19 2012 22:33:17 by "java_re" with gcc 4.2.1 (Based on Apple Inc. build 5658) (LLVM build 2336.1.00)

time: Sun Nov  3 13:38:52 2013
elapsed time: 4 seconds

